hourglass
init: tps = 766825138
secs      : 900
threshold : 1000
mode      : list (cnt: 1000)
Dummy result: 0 
   # loops  :            1000
   Min.     :            1282     (@loop #381)
   Avg.     :            3062.50
   Max.     :           26147     (@loop #245)
   45841078446335 :       2895
   45841080746295 :       2861
   45841083046240 :       2840
   45841085346203 :       2843
   45841087646151 :       2840
   45841089946120 :       2812
   45841092246062 :       2840
   45841094546031 :       3598
   45841096845976 :       2846
   45841099145936 :       2834
   45841101445881 :       2837
   45841103745829 :       2849
   45841106045792 :       2861
   45841108345761 :       2843
   45841110645715 :       2859
   45841112945654 :       2846
   45841115245605 :       2855
   45841117545593 :       3548
   45841119845522 :       2837
   45841122145498 :       2790
   45841124445452 :       2839
   45841126745409 :       2836
   45841129045341 :       2862
   45841131345320 :       2867
   45841133645262 :       2830
   45841135945222 :       2815
   45841138245194 :       2849
   45841140545117 :       3619
   45841142845071 :       2920
   45841145145022 :       2852
   45841147444983 :       2858
   45841149744973 :       2828
   45841152044918 :       2821
   45841154344866 :       2846
   45841156644826 :       2883
   45841158944802 :       2849
   45841161244725 :       2837
   45841163544691 :       3604
   45841165844639 :       2852
   45841168144624 :       2839
   45841170444553 :       2831
   45841172744498 :       2852
   45841175044480 :       2858
   45841177344427 :       2868
   45841179644381 :       2846
   45841181944335 :       2834
   45841184244299 :       2855
   45841186544247 :       3575
   45841188844197 :       2840
   45841191144164 :       2812
   45841193444130 :       2837
   45841195744056 :       4938
   45841198043995 :       2864
   45841200343971 :       2858
   45841202643934 :       2830
   45841204943879 :       2852
   45841207243854 :       2843
   45841209543790 :       3615
   45841211843734 :       2849
   45841214143688 :       2846
   45841216443645 :       2843
   45841218743615 :       2824
   45841221043590 :       2834
   45841223343532 :       2846
   45841225643483 :       2858
   45841227943412 :       2846
   45841230243388 :       2849
   45841232543342 :       3612
   45841234843311 :       2840
   45841237143262 :       2846
   45841239443216 :       2825
   45841241743173 :       2831
   45841244043112 :       2849
   45841246343072 :       2837
   45841248643032 :       2855
   45841250943017 :       2840
   45841253242943 :       2849
   45841255542925 :       3615
   45841257842860 :       2862
   45841260142808 :       2822
   45841262442781 :       2846
   45841264742759 :       2849
   45841267042695 :       2833
   45841269342637 :       2839
   45841271642606 :       2840
   45841273942560 :       2833
   45841276242523 :       2843
   45841278542459 :       3597
   45841280842407 :       2839
   45841283142373 :       2809
   45841285442333 :       2849
   45841287742265 :       2862
   45841290042253 :       2855
   45841292342198 :       2852
   45841294642137 :       2855
   45841296942103 :       2864
   45841299242035 :       2849
   45841301542054 :       3622
   45841303841950 :       2858
   45841306141934 :       2837
   45841308441879 :       2846
   45841310741833 :       2889
   45841313041805 :       3174
   45841315341772 :       2839
   45841317641692 :       2846
   45841319941649 :       2843
   45841322241603 :       2834
   45841324541563 :       3616
   45841326841511 :       2806
   45841329141465 :       2840
   45841331441428 :       3610
   45841333741388 :       2846
   45841336041361 :       2849
   45841338341296 :       2868
   45841340641232 :       2843
   45841342941180 :       2852
   45841345241201 :       2837
   45841347541125 :       3674
   45841349841073 :       2858
   45841352141054 :       2880
   45841354440984 :       2864
   45841356740931 :       2834
   45841359040889 :       2852
   45841361340867 :       2837
   45841363640815 :       2849
   45841365940775 :       2828
   45841368240726 :       2837
   45841370540686 :       3610
   45841372840634 :       2855
   45841375140616 :       2867
   45841377440527 :       2842
   45841379740499 :       2846
   45841382040450 :       2858
   45841384340441 :       2840
   45841386640367 :       2825
   45841388940321 :       2840
   45841391240300 :       2806
   45841393540235 :       3582
   45841395840174 :       2831
   45841398140149 :       2859
   45841400440085 :       2858
   45841402740057 :       2852
   45841405040002 :       2843
   45841407339969 :       2842
   45841409639923 :       2845
   45841411939877 :       2842
   45841414239824 :       2855
   45841416539809 :       3603
   45841418839757 :       2855
   45841421139699 :       2842
   45841423439653 :       2833
   45841425739616 :       2827
   45841428039548 :       2840
   45841430339515 :       2833
   45841432639459 :       2862
   45841434939450 :       2840
   45841437239377 :       2842
   45841439539334 :       3628
   45841441839309 :       2840
   45841444139263 :       2871
   45841446439205 :       2864
   45841448739177 :       2843
   45841451039095 :       2867
   45841453339070 :       2849
   45841455639027 :       2846
   45841457938981 :       2840
   45841460238947 :       2791
   45841462538889 :       3625
   45841464838865 :       2836
   45841467138831 :       2830
   45841469438751 :       2837
   45841471738717 :       2840
   45841474038677 :       2849
   45841476338631 :       2843
   45841478638585 :       2871
   45841480938539 :       2865
   45841483238509 :       2901
   45841485538457 :       3612
   45841487838408 :       2849
   45841490138383 :       5063
   45841492438337 :       2898
   45841494738300 :       2852
   45841497038245 :       2867
   45841499338202 :       2867
   45841501638132 :       2858
   45841503938110 :       2858
   45841506238055 :       2846
   45841508538012 :       3594
   45841510837960 :       2861
   45841513137908 :       2843
   45841515437883 :       2852
   45841517737807 :       2861
   45841520037776 :       2843
   45841522337730 :       2849
   45841524637693 :       2837
   45841526937644 :       2803
   45841529237607 :       2840
   45841531537555 :       3597
   45841533837527 :       2834
   45841536137491 :       2842
   45841538437408 :       2846
   45841540737368 :       2858
   45841543037356 :       2852
   45841545337297 :       2859
   45841547637236 :       2846
   45841549937212 :       2876
   45841552237163 :       2839
   45841554537113 :       3619
   45841556837049 :       2846
   45841559136994 :       2870
   45841561436991 :       2843
   45841563736951 :       2827
   45841566036890 :       2867
   45841568336847 :       2846
   45841570636831 :       2831
   45841572936755 :       2827
   45841575236699 :       2852
   45841577536663 :       3618
   45841579836641 :       2831
   45841582136589 :       2846
   45841584436522 :       2879
   45841586736473 :       2842
   45841589036423 :       2859
   45841591336414 :       2852
   45841593636356 :       2834
   45841595936316 :       2815
   45841598236282 :       2862
   45841600536230 :       3607
   45841602836193 :       2831
   45841605136157 :       2836
   45841607436083 :       2840
   45841609736031 :       2846
   45841612035991 :       2843
   45841614335942 :       2843
   45841616635890 :       2846
   45841618935847 :       2849
   45841621235807 :       2815
   45841623535773 :       3634
   45841625835724 :       3653
   45841628135712 :       4119
   45841630435641 :       4686
   45841632735602 :       2842
   45841635035571 :       2837
   45841637335513 :       2824
   45841639635467 :       2815
   45841639826039 :      26147
   45841640409953 :      23930
   45841641935415 :       3658
   45841644235375 :       2812
   45841646535359 :       3625
   45841648835280 :       2818
   45841651135261 :       2834
   45841653435178 :       2819
   45841655735166 :       2815
   45841658035111 :      16459
   45841660335068 :       3214
   45841662634994 :       2849
   45841664934985 :       2794
   45841667234924 :       2843
   45841669534896 :       3625
   45841671834841 :       2846
   45841674134792 :       2831
   45841676434743 :       2824
   45841678734718 :       2834
   45841681034679 :       2830
   45841683334617 :       2825
   45841685634574 :       2822
   45841687934550 :       2818
   45841690234498 :       2845
   45841692534430 :       3597
   45841694834396 :       2837
   45841697134350 :       2822
   45841699434320 :       2812
   45841701734249 :       2843
   45841704034197 :       2840
   45841706334182 :       2812
   45841708634145 :       2834
   45841710934099 :       2827
   45841713234031 :       2828
   45841715534007 :       3619
   45841717833946 :       2855
   45841720133927 :       2828
   45841722433872 :       2834
   45841724733838 :       2819
   45841727033786 :       2828
   45841729333734 :       2834
   45841731633688 :       2803
   45841733933642 :       2834
   45841736233593 :       2806
   45841738533547 :       3594
   45841740833532 :       2849
   45841743133461 :       2831
   45841745433418 :       2815
   45841747733384 :       2849
   45841750033320 :       2840
   45841752333280 :       2834
   45841754633234 :       2825
   45841756933207 :       2824
   45841759233145 :       2815
   45841761533111 :       3598
   45841763833062 :       4042
   45841766133136 :       4750
   45841768432983 :       3103
   45841770732906 :       3054
   45841773032894 :       2827
   45841775332845 :       2769
   45841777632796 :       2766
   45841779932743 :       2785
   45841782232713 :       2751
   45841784532673 :       7550
   45841786832609 :       2815
   45841789132563 :       2818
   45841791432550 :       3800
   45841793732464 :       2966
   45841796032440 :       2925
   45841798332375 :       2846
   45841800632342 :       3870
   45841802932339 :       5198
   45841805232259 :       2821
   45841807532222 :       3778
   45841809832170 :       2794
   45841812132115 :       2754
   45841814432103 :       2763
   45841816732017 :       2778
   45841819031992 :       2763
   45841821331949 :       2763
   45841823631906 :       2763
   45841825931857 :       2751
   45841828231823 :       5119
   45841830531900 :       5085
   45841832831707 :       2797
   45841835131695 :       2775
   45841837431630 :       2776
   45841839731590 :       2794
   45841842031538 :       2763
   45841844331477 :       2840
   45841846631449 :       2757
   45841848931413 :       2784
   45841851231388 :       2797
   45841853531339 :       3585
   45841855831281 :       2796
   45841858131229 :       2821
   45841860431204 :       2794
   45841862731152 :       2803
   45841865031115 :       2803
   45841867331069 :       2797
   45841869631020 :       2818
   45841871930953 :       2796
   45841874230925 :       2766
   45841876530861 :       3563
   45841878830836 :       2818
   45841881130824 :       2800
   45841883430738 :       2812
   45841885730701 :       2791
   45841888030661 :       2800
   45841890330615 :       2782
   45841892630575 :       2794
   45841894930542 :       2775
   45841897230468 :       2775
   45841899530428 :       3570
   45841901830397 :       3273
   45841904130339 :       5348
   45841906430309 :       3400
   45841908730263 :       2934
   45841911030207 :       4698
   45841913330177 :       2849
   45841915630137 :       2821
   45841917930094 :       2827
   45841920230063 :       2806
   45841922529983 :       3530
   45841924829947 :       2824
   45841927129904 :       2784
   45841929429842 :       2791
   45841931729821 :       2815
   45841934029747 :       2800
   45841936329707 :       2800
   45841938629683 :       2803
   45841940929637 :       2772
   45841943229600 :       2800
   45841945529545 :       3539
   45841947829499 :       2809
   45841948138938 :       1282
   45841950129468 :       5848
   45841952429456 :       2821
   45841954729389 :       2809
   45841957029346 :       2806
   45841959329300 :       2799
   45841961629229 :       2794
   45841963929183 :       2785
   45841966229140 :       2788
   45841968529097 :       3794
   45841970829045 :       2812
   45841973129014 :       2819
   45841975428984 :       2793
   45841977728913 :       2822
   45841980028867 :       2825
   45841982328840 :       2827
   45841984628778 :       2809
   45841986928741 :       2831
   45841989228702 :       2827
   45841991528646 :       3613
   45841993828607 :       2824
   45841996128561 :       2824
   45841998428515 :       2836
   45842000728465 :       2837
   45842003028429 :       2830
   45842005328377 :       2809
   45842007628355 :       2821
   45842009928294 :       2760
   45842012228248 :       2821
   45842014528202 :       3566
   45842016828168 :       2831
   45842019128119 :       2834
   45842021428082 :       2815
   45842023728033 :       2809
   45842026027993 :       2803
   45842028327913 :       3125
   45842030627867 :       2843
   45842032927818 :       2834
   45842035227825 :       2818
   45842037527754 :       3585
   45842039827711 :       2828
   45842042127662 :       2831
   45842044427644 :       2827
   45842046727582 :       2812
   45842049027527 :       2818
   45842051327496 :       2813
   45842053627438 :       2800
   45842055927407 :       2797
   45842058227374 :       2803
   45842060527328 :       3603
   45842062827306 :       2806
   45842065127251 :       2877
   45842067427199 :       2815
   45842069727165 :       2806
   45842072027095 :       2806
   45842074327058 :       2797
   45842076627021 :       2809
   45842078926960 :       5152
   45842081226935 :       2855
   45842083526877 :       3588
   45842085826816 :       2858
   45842088126763 :       2825
   45842090426714 :       2797
   45842092726708 :       2812
   45842095026653 :       2824
   45842097326604 :       2809
   45842099626537 :       2796
   45842101926543 :       2803
   45842104226472 :       2812
   45842106526448 :       3572
   45842108826395 :       2840
   45842111126322 :       2821
   45842113426316 :       2824
   45842115726236 :       3162
   45842118026211 :       2834
   45842120326156 :       2794
   45842122626126 :       2809
   45842124926080 :       2839
   45842127226006 :       2809
   45842129525985 :       3588
   45842131825948 :       2818
   45842134125899 :       2818
   45842136425853 :       2821
   45842138725807 :       2790
   45842141025751 :       2764
   45842143325718 :       2800
   45842145625690 :       2733
   45842147925613 :       2822
   45842150225577 :       2796
   45842152525528 :       3545
   45842154825506 :       2828
   45842157125429 :       2834
   45842159425390 :       2824
   45842161725341 :       2812
   45842164025325 :       2800
   45842166325242 :       2831
   45842168625203 :       2827
   45842170925175 :       2821
   45842173225132 :       2797
   45842175525080 :       3557
   45842177825068 :       2833
   45842180125006 :       2800
   45842182424982 :       2818
   45842184724914 :       2812
   45842187024859 :       2821
   45842189324807 :       2803
   45842191624773 :       2809
   45842193924736 :       2806
   45842196224672 :       2809
   45842198524644 :       3555
   45842200824601 :       2834
   45842203124568 :       2806
   45842205424506 :       2828
   45842207724460 :       2813
   45842210024442 :       2837
   45842212324368 :       2825
   45842214624338 :       2735
   45842216924286 :       2818
   45842219224230 :       2813
   45842221524221 :       3524
   45842223824172 :       2831
   45842226124108 :       2815
   45842228424056 :       2830
   45842230724016 :       2815
   45842233023967 :       2803
   45842235323939 :       2800
   45842237623865 :       2797
   45842239923832 :       2797
   45842242223804 :       2886
   45842244523755 :       3554
   45842246823703 :       2846
   45842249123694 :       2800
   45842251423617 :       3870
   45842253723562 :       2821
   45842256023519 :       2803
   45842258323479 :       2812
   45842260623455 :       2815
   45842262923412 :       2824
   45842265223363 :       2784
   45842267523292 :       3597
   45842269823283 :       2818
   45842272123237 :       2821
   45842274423188 :       2818
   45842276723133 :       2812
   45842279023090 :       2784
   45842281323047 :       2821
   45842283622995 :       2744
   45842285922976 :       2791
   45842288222909 :       2790
   45842290522853 :       3564
   45842292822811 :       2827
   45842295122761 :       2813
   45842297422740 :       2834
   45842299722679 :       2781
   45842302022654 :       3432
   45842304322584 :       2858
   45842306622562 :       2892
   45842308922525 :       2895
   45842311222433 :       2862
   45842313522415 :       3560
   45842315822347 :       2825
   45842318122335 :       2828
   45842320422277 :       2846
   45842322722234 :       2812
   45842325022173 :       2818
   45842327322148 :       2806
   45842329622099 :       2831
   45842331922059 :       2815
   45842334222007 :       2791
   45842336521986 :       3557
   45842338821943 :       2836
   45842341121872 :       2825
   45842343421820 :       2846
   45842345721808 :       2775
   45842348021759 :       2803
   45842350321694 :       2794
   45842352621664 :       2732
   45842354921618 :       2824
   45842357221569 :       2898
   45842359521519 :       3598
   45842361821483 :       2824
   45842364121437 :       2800
   45842366421406 :       2821
   45842368721363 :       2803
   45842371021296 :       2818
   45842373321247 :       3962
   45842375621222 :       2861
   45842377921179 :       2831
   45842380221099 :       2837
   45842382521066 :       3575
   45842384821017 :       2812
   45842387120986 :       2833
   45842389420949 :       2840
   45842391720894 :       2843
   45842394020869 :       2831
   45842396320833 :       2842
   45842398620762 :       2818
   45842400920722 :       2818
   45842403220673 :       3922
   45842405520682 :       4686
   45842407820572 :       4033
   45842410120599 :       3374
   45842412420483 :       2876
   45842414720440 :       2821
   45842417020425 :       2818
   45842419320373 :       2756
   45842421620311 :       2797
   45842423920265 :       2788
   45842426220247 :       2803
   45842428520164 :       3570
   45842430820170 :       2812
   45842433120121 :       2834
   45842435420044 :       2837
   45842437720011 :       2809
   45842440019995 :       2779
   45842442319934 :       2821
   45842444619867 :       2830
   45842446919827 :       2812
   45842449219796 :       2834
   45842451519750 :       3567
   45842453819689 :       2821
   45842456119661 :       2815
   45842458419591 :       2888
   45842460719566 :       2883
   45842463019495 :       2816
   45842465319483 :       2831
   45842467619446 :       2828
   45842469919403 :       2788
   45842472219342 :       2825
   45842474519296 :       3533
   45842476819241 :       2876
   45842479119232 :       2889
   45842481419173 :       2874
   45842483719106 :       2852
   45842486019088 :       2818
   45842488319035 :       2721
   45842490618974 :       3183
   45842492918931 :       2929
   45842495218907 :       2803
   45842497518842 :       3573
   45842499818805 :       2816
   45842502118753 :       2806
   45842504418723 :       2803
   45842506718677 :       2803
   45842509018643 :       2959
   45842511318612 :       2858
   45842513618548 :       2791
   45842515918511 :       2818
   45842518218474 :       2800
   45842520518422 :       3585
   45842522818379 :       2800
   45842525118336 :       2812
   45842527418272 :       2830
   45842529718232 :       2834
   45842532018189 :       2852
   45842534318137 :       2800
   45842536618088 :       2821
   45842538918042 :       2864
   45842541217996 :       2824
   45842543517959 :       3570
   45842545817931 :       2831
   45842548117876 :       2794
   45842550417855 :       2824
   45842552717769 :       2827
   45842555017747 :       2806
   45842557317683 :       2745
   45842559617668 :       2833
   45842561917619 :       2879
   45842564217570 :       2824
   45842566517527 :       6044
   45842568817490 :       3747
   45842571117432 :       2845
   45842573417419 :       2803
   45842575717337 :       2802
   45842578017287 :       2816
   45842580317272 :       2809
   45842582617208 :       2806
   45842584917186 :       2812
   45842587217131 :       2824
   45842589517091 :       3551
   45842591817018 :       2821
   45842594116990 :       2812
   45842596416935 :       2824
   45842598716877 :       2839
   45842601016864 :       2837
   45842603316794 :       2824
   45842605616769 :       2837
   45842607916726 :       2800
   45842610216662 :       2846
   45842612516619 :       6523
   45842614816579 :       2910
   45842617116558 :       2821
   45842619416509 :       2802
   45842621716463 :       2821
   45842624016410 :       2733
   45842626316380 :       2797
   45842628616306 :       2794
   45842630916263 :       2785
   45842633216220 :       2776
   45842635516190 :       3585
   45842637816147 :       2812
   45842640116088 :       2806
   45842642416042 :       2816
   45842644715975 :       2824
   45842647015969 :       2794
   45842649315935 :       2818
   45842651615886 :       2827
   45842653915815 :       2816
   45842656215800 :       2818
   45842658515751 :       3625
   45842660815690 :       2812
   45842663115628 :       2834
   45842665415613 :       2831
   45842667715570 :       4928
   45842670015515 :       2864
   45842672315475 :       2824
   45842674615432 :       2825
   45842676915380 :       2781
   45842679215362 :       2827
   45842681515297 :       3527
   45842683815242 :       2821
   45842686115196 :       2806
   45842688415144 :       2784
   45842690715104 :       2803
   45842693015076 :       2733
   45842695315040 :       2763
   45842697614969 :       2797
   45842699914957 :       2784
   45842702214892 :       2803
   45842704514846 :       3542
   45842706814803 :       2806
   45842709114739 :       2818
   45842711414724 :       4207
   45842713714647 :       2877
   45842716014629 :       2815
   45842718314583 :       2818
   45842720614534 :       2790
   45842722914494 :       2809
   45842725214475 :       2812
   45842727514408 :       3600
   45842729814343 :       2813
   45842732114319 :       2806
   45842734414258 :       2806
   45842736714245 :       2766
   45842739014184 :       2809
   45842741314126 :       2784
   45842743614104 :       2745
   45842745914061 :       2776
   45842748214012 :       2809
   45842750513954 :       3524
   45842752813911 :       2818
   45842755113868 :       2800
   45842757413837 :       2770
   45842759713776 :       2791
   45842762013736 :       2727
   45842764313684 :       2828
   45842766613638 :       2803
   45842768913604 :       2803
   45842771213561 :       2800
   45842773513515 :       3536
   45842775813485 :       2794
   45842778113414 :       2806
   45842780413374 :       2819
   45842782713331 :       2779
   45842785013319 :       2785
   45842787313236 :       2813
   45842789613218 :       2791
   45842789655636 :      25269
   45842790241254 :      23588
   45842791913181 :       3935
   45842794213114 :       2809
   45842796513059 :       3597
   45842798813019 :       2815
   45842801112960 :       2791
   45842803412921 :       2812
   45842805712905 :       2818
   45842808012856 :       2812
   45842810312810 :       2806
   45842812612740 :       2787
   45842814912715 :       2858
   45842817212678 :       2806
   45842819512632 :       3536
   45842821812583 :       2788
   45842824112525 :       2800
   45842826412494 :       2779
   45842828712442 :       2745
   45842831012418 :       2809
   45842833312375 :       2790
   45842835612301 :       2806
   45842837912280 :       2803
   45842840212212 :       2779
   45842842512194 :       3523
   45842844812132 :       2803
   45842847112065 :       2812
   45842849412047 :       2809
   45842851711973 :       2818
   45842854011961 :       2812
   45842856311909 :       2809
   45842858611850 :       2806
   45842860911810 :       2813
   45842863211795 :       2797
   45842865511718 :       3558
   45842867811672 :       2813
   45842870111626 :       2822
   45842872411617 :       2797
   45842874711547 :       2806
   45842877011516 :       2827
   45842879311458 :       2806
   45842881611433 :       2822
   45842883911387 :       2803
   45842886211320 :       2797
   45842888511289 :       3545
   45842890811246 :       2812
   45842893111203 :       2776
   45842895411173 :       2787
   45842897711096 :       2738
   45842900011065 :       4076
   45842902311035 :       2809
   45842904610970 :       2806
   45842906910936 :       2816
   45842909210900 :       2793
   45842911510838 :       3536
   45842913810789 :       2803
   45842916110765 :       2793
   45842918410691 :       2821
   45842920710663 :       2816
   45842923010605 :       2800
   45842925310581 :       2787
   45842927610535 :       2793
   45842929910476 :       2813
   45842932210458 :       2791
   45842934510418 :       3557
   45842936810338 :       2819
   45842939110308 :       2809
   45842941410286 :       2800
   45842943710200 :       2822
   45842946010194 :       2806
   45842948310133 :       2775
   45842950610096 :       2806
   45842952910016 :       2803
   45842955210010 :       2794
   45842957509943 :       3533
   45842959809912 :       2797
   45842962109860 :       3999
   45842964409814 :       2834
   45842966709774 :       2751
   45842969009747 :       2802
   45842971309688 :       2797
   45842973609661 :       2796
   45842975909593 :       2785
   45842978209532 :       2809
   45842980509495 :       3554
   45842982809471 :       2809
   45842985109406 :       2800
   45842987409354 :       2794
   45842989709305 :       2791
   45842992009287 :       2809
   45842994309225 :       2782
   45842996609195 :       2799
   45842998909173 :       2788
   45843001209130 :       2791
   45843003509066 :       3517
   45843005809011 :       2809
   45843008108998 :       2788
   45843010408919 :       2778
   45843012708903 :       2779
   45843015008854 :       2791
   45843017308777 :       2745
   45843019608731 :       2797
   45843021908695 :       2784
   45843024208643 :       2806
   45843026508621 :       3524
   45843028808578 :       2803
   45843031108526 :       2794
   45843033408483 :       2714
   45843035708406 :       2791
   45843038008400 :       2794
   45843040308370 :       2809
   45843042608327 :       2784
   45843044908244 :       2797
   45843047208213 :       2809
   45843049508167 :       3518
   45843051808124 :       2803
   45843054108097 :       2793
   45843056408026 :       2794
   45843058707986 :       2782
   45843061007965 :       2775
   45843063307913 :       2784
   45843065607861 :       2836
   45843067907824 :       2787
   45843070207765 :       2806
   45843072507723 :       3557
   45843074807701 :       2809
   45843077107637 :       2772
   45843079407585 :       2919
   45843081707557 :       2797
   45843084007483 :       2800
   45843086307453 :       2760
   45843088607407 :       2772
   45843090907379 :       2778
   45843093207339 :       2776
   45843095507287 :       3527
   45843097807244 :       2772
   45843100107204 :       2782
   45843102407146 :       3533
   45843104707112 :       2840
   45843107007042 :       2803
   45843109307017 :       2806
   45843111606977 :       2791
   45843113906919 :       3545
   45843116206876 :       2806
   45843118506852 :       3864
   45843120806790 :       3916
   45843123106753 :       2840
   45843125406704 :       2828
   45843127706665 :       2790
   45843130006622 :       2787
   45843132306576 :       2793
   45843134606533 :       2787
   45843136906477 :       2806
   45843139206447 :       2778
   45843141506395 :       3532
   45843143806339 :       3674
   45843146106312 :       2827
   45843148406251 :       2793
   45843150706217 :       2778
   45843153006165 :       2747
   45843155306140 :       2800
   45843157606067 :       2802
   45843159906033 :       2787
   45843162205968 :       2813
   45843164505938 :       3526
   45843166805910 :       3683
   45843169105864 :       2794
   45843171405824 :       3674
   45843173705751 :       2818
   45843176005717 :       2806
   45843178305686 :       2822
   45843180605637 :       2812
   45843182905607 :       2793
   45843185205567 :       2790
   45843187505521 :       3606
   45843189805465 :       3693
   45843192105395 :       2821
   45843194405386 :       2797
   45843196705337 :       2806
   45843199005260 :       2800
   45843201305211 :       2800
   45843203605174 :       2794
   45843205905150 :       2799
   45843208205094 :       2791
   45843210505039 :       3530
   45843212804984 :       3714
   45843215104966 :       2827
   45843217404920 :       2815
   45843219704904 :       2797
   45843222004818 :       2763
   45843224304794 :       2827
   45843226604763 :       2812
   45843228904687 :       2815
   45843231204665 :       2812
   45843233504604 :       3529
   45843235804561 :       3668
   45843238104524 :       2818
   45843240404466 :       2751
   45843242704429 :       2815
   45843245004371 :       2803
   45843247304361 :       2794
   45843249604328 :       2803
   45843251904248 :       2803
   45843254204214 :       2791
   45843256504159 :       5578
   45843258804144 :       2852
   45843261104089 :       2824
   45843263404036 :       2797
   45843265703984 :       2797
   45843268003929 :       2828
   45843270303898 :       2800
   45843272603865 :       2793
   45843274903809 :       2803
   45843277203760 :       2813
   45843279503724 :       3532
   45843281803671 :       2800
   45843284103622 :       2819
   45843286403592 :       2797
   45843288703543 :       2784
   45843291003478 :       2745
   45843293303454 :       2790
   45843295603399 :       2796
   45843297903362 :       2790
   45843300203307 :       2809
   45843302503267 :       3517
   45843304803236 :       2818
   45843307103162 :       2724
   45843309403132 :       2809
   45843311703092 :       2809
   45843314003049 :       2840
   45843316303012 :       2794
   45843318602972 :       2800
   45843320902926 :       2806
   45843323202850 :       2799
   45843325502831 :       3570
   45843327802776 :       2824
   45843330102751 :       2819
   45843332402693 :       2797
   45843334702644 :       2785
   45843337002613 :       2816
   45843339302558 :       2797
   45843341602503 :       2806
   45843343902454 :       2788
   45843346202445 :       2794
   45843348502390 :       3545
   45843350802347 :       2815
   45843353102298 :       2806
   45843355402245 :       2791
   45843357702187 :       2739
   45843360002175 :       2806
   45843362302086 :       2803
   45843364602058 :       2785
