hourglass
init: tps = 766791653
secs      : 900
threshold : 0
mode      : histogram (cnt: 50, width: 100)
Dummy result: 0 
   # loops  :     12934111808
   Min.     :              18     (@loop #0)
   Avg.     :              53.36
   Max.     :           41156     (@loop #2967061641)
Histogram (50 bins with 100 ticks each)
         0 :     0..   99 : 48905782    *****************************
         1 :   100..  199 : 977         ************
         2 :   200..  299 : 105         ********
         3 :   300..  399 : 191         *********
         4 :   400..  499 : 3           ***
         5 :   500..  599 : 0           
         6 :   600..  699 : 0           
         7 :   700..  799 : 0           
         8 :   800..  899 : 21          ******
         9 :   900..  999 : 114         ********
        10 :  1000.. 1099 : 36          ******
        11 :  1100.. 1199 : 4           ***
        12 :  1200.. 1299 : 0           
        13 :  1300.. 1399 : 0           
        14 :  1400.. 1499 : 0           
        15 :  1500.. 1599 : 0           
        16 :  1600.. 1699 : 0           
        17 :  1700.. 1799 : 0           
        18 :  1800.. 1899 : 0           
        19 :  1900.. 1999 : 0           
        20 :  2000.. 2099 : 0           
        21 :  2100.. 2199 : 0           
        22 :  2200.. 2299 : 1           **
        23 :  2300.. 2399 : 3           ***
        24 :  2400.. 2499 : 0           
        25 :  2500.. 2599 : 9           ****
        26 :  2600.. 2699 : 508         ***********
        27 :  2700.. 2799 : 233197      *********************
        28 :  2800.. 2899 : 23028       *****************
        29 :  2900.. 2999 : 1059        ************
        30 :  3000.. 3099 : 415         **********
        31 :  3100.. 3199 : 313         **********
        32 :  3200.. 3299 : 219         *********
        33 :  3300.. 3399 : 317         **********
        34 :  3400.. 3499 : 2669        *************
        35 :  3500.. 3599 : 25247       *****************
        36 :  3600.. 3699 : 3384        **************
        37 :  3700.. 3799 : 1104        ************
        38 :  3800.. 3899 : 921         ************
        39 :  3900.. 3999 : 933         ************
        40 :  4000.. 4099 : 565         ***********
        41 :  4100.. 4199 : 467         ***********
        42 :  4200.. 4299 : 748         ***********
        43 :  4300.. 4399 : 557         ***********
        44 :  4400.. 4499 : 426         **********
        45 :  4500.. 4599 : 771         ***********
        46 :  4600.. 4699 : 475         ***********
        47 :  4700.. 4799 : 663         ***********
        48 :  4800.. 4899 : 253         **********
        49 :  4900.. 4999 : 4435        **************
