hourglass
init: tps = 766853849
secs      : 900
threshold : 10000
mode      : list (cnt: 1000)
Dummy result: 0 
   # loops  :            1000
   Min.     :           10010     (@loop #567)
   Avg.     :           24862.32
   Max.     :           39793     (@loop #452)
   46533921633101 :      16744
   46533926423370 :      25767
   46533927010262 :      24196
   46535076406607 :      25809
   46535077025681 :      23543
   46535812196485 :      12460
   46536221588561 :      24034
   46536226400925 :      25813
   46536226981805 :      23931
   46536975973961 :      19378
   46540275876393 :      27267
   46540275967519 :      25642
   46540276040452 :      26157
   46540276460792 :      23889
   46540276771021 :      23636
   46540277120032 :      36084
   46540281187032 :      25821
   46540281805276 :      31800
   46540288087627 :      25764
   46540288568383 :      23526
   46540821499520 :      12930
   46540950352276 :      25321
   46540950989976 :      24332
   46540951034746 :      23382
   46543149399352 :      26184
   46543149985954 :      24078
   46543250314222 :      25217
   46543250932135 :      37593
   46549241801692 :      37638
   46549241874804 :      25637
   46549242462161 :      24363
   46549242521981 :      23543
   46549248628622 :      25694
   46549249214895 :      24202
   46549255468138 :      38945
   46549255638832 :      26449
   46549256121999 :      23822
   46549256166188 :      24224
   46549475861728 :      25306
   46549475954110 :      25714
   46549476024785 :      26270
   46549476449645 :      24213
   46549476750469 :      23692
   46549477092745 :      36786
   46549481024268 :      25087
   46549481613729 :      23440
   46549487869970 :      25289
   46549488394514 :      24248
   46550026002322 :      26392
   46550026633456 :      24216
   46550150167458 :      25094
   46550150212991 :      26269
   46550150834568 :      36440
   46550150891396 :      24224
   46551175946319 :      25936
   46551176534099 :      23477
   46553475900095 :      37263
   46553476544446 :      24087
   46554211840286 :      11773
   46554625934770 :      25358
   46554626551659 :      25532
   46555775859735 :      26241
   46555776445638 :      24262
   46556925975072 :      26068
   46556926564672 :      23451
   46558075811327 :      25101
   46558076394069 :      23594
   46559225938422 :      24788
   46559226522343 :      24021
   46559386765097 :      25797
   46559387523461 :      24207
   46563411662186 :      10473
   46572402188110 :      15937
   46573025551630 :      25445
   46573026133617 :      24127
   46574175641419 :      26057
   46574176230030 :      23321
   46574658466303 :      25867
   46574659197109 :      23379
   46577625577163 :      25450
   46577626160366 :      23433
   46578775493970 :      24828
   46578776079130 :      24150
   46579925535030 :      25490
   46579926120625 :      24147
   46581075515569 :      25166
   46581076098669 :      23315
   46581811305996 :      10175
   46582225509951 :      25660
   46582226092781 :      23204
   46587834967911 :      25907
   46587835549113 :      23431
   46587841879399 :      25764
   46587842464155 :      23578
   46587851067230 :      25941
   46587851651623 :      23598
   46587857965804 :      25740
   46587858547500 :      24133
   46596025088916 :      26606
   46596025712783 :      23436
   46597175051558 :      25994
   46597175666740 :      27048
   46598893098207 :      25499
   46598893742955 :      23528
   46599475006484 :      39486
   46599475652489 :      23552
   46599654372953 :      25258
   46599655011511 :      24280
   46599854472389 :      25275
   46599855142932 :      23186
   46600121061034 :      25318
   46600121858131 :      23380
   46600150960562 :      25698
   46600151754149 :      23931
   46600180863386 :      25303
   46600181650998 :      23981
   46600210968295 :      24493
   46600211706884 :      23373
   46600240662175 :      25465
   46600241452853 :      23329
   46600270561758 :      25790
   46600271352062 :      23193
   46600300459666 :      25582
   46600301251461 :      23426
   46600314452323 :      25556
   46600315112032 :      23281
   46600330357697 :      24975
   46600331151389 :      23943
   46600335157546 :      25301
   46600335860973 :      23192
   46600390157792 :      25803
   46600390949210 :      23433
   46600588774099 :      25717
   46600589461693 :      23398
   46600601933920 :      30573
   46600602594307 :      23968
   46600606533187 :      28623
   46600607195604 :      23848
   46600624931939 :      28868
   46600625153481 :      25176
   46600625769353 :      28815
   46600625818603 :      24213
   46600749155249 :      25947
   46600749838134 :      23362
   46600774443047 :      26920
   46600775100129 :      23390
   46600785923144 :      28460
   46600786879453 :      23451
   46601234436723 :      25884
   46601235095788 :      23940
   46601459820617 :      29127
   46601460459741 :      23390
   46601694425502 :      25329
   46601695083236 :      23621
   46601774911880 :      29141
   46601774976269 :      25752
   46601775597113 :      23679
   46601775641268 :      23344
   46601875899621 :      25091
   46601876624314 :      23745
   46602154418127 :      25901
   46602155078478 :      23494
   46602614407936 :      25415
   46602615064741 :      23523
   46602906462645 :      25367
   46602907126857 :      23779
   46602911083366 :      28764
   46602911747416 :      24026
   46602924889973 :      28793
   46602925115396 :      26135
   46602925701348 :      23588
   46602925763599 :      23373
   46603039911285 :      25470
   46603040574959 :      23333
   46603049084602 :      29181
   46603049762263 :      23517
   46603058901990 :      25497
   46603059545770 :      23382
   46603074402174 :      25749
   46603075059290 :      23546
   46603487584598 :      25002
   46603488256489 :      23495
   46603499900523 :      25008
   46603500564261 :      23359
   46603534392993 :      25367
   46603535050961 :      23963
   46603994380563 :      25464
   46603995039185 :      23963
   46604074870170 :      28801
   46604075512660 :      23551
   46605225044998 :      25438
   46605225633982 :      23218
   46618610593582 :      10178
   46619024672674 :      25438
   46619025250311 :      23497
   46620174751794 :      25657
   46620175339171 :      23620
   46623624698100 :      26083
   46623625285765 :      23482
   46623748753218 :      25806
   46623749339600 :      23367
   46624774668028 :      25657
   46624775253350 :      23405
   46625924645782 :      25840
   46625925230220 :      23462
   46627074632639 :      25833
   46627075250909 :      23543
   46627810415470 :      10245
   46628224623847 :      24830
   46628225206306 :      23811
   46637010237367 :      10098
   46641240027407 :      39083
   46641240086931 :      25716
   46641240709288 :      29273
   46641240758948 :      23396
   46641246847048 :      25047
   46641247431208 :      23457
   46641253686288 :      37202
   46641253856413 :      26356
   46641254338202 :      23682
   46641254470027 :      37245
   46641260711819 :      25101
   46641261217048 :      23551
   46642024202303 :      25968
   46642024826608 :      23448
   46642148396844 :      25076
   46642149010424 :      23643
   46643174161323 :      25672
   46643174747956 :      23551
   46645474119220 :      36742
   46645474761742 :      24291
   46646624243733 :      26096
   46646624859710 :      27977
   46647774073846 :      25162
   46647774688481 :      25691
   46648924198169 :      25695
   46648924787778 :      23641
   46650074031452 :      25236
   46650074617095 :      23355
   46651224151368 :      25743
   46651224737980 :      23952
   46651361959539 :      10657
   46655273989035 :      25819
   46655274076833 :      25817
   46655274151763 :      25994
   46655274580012 :      24388
   46655275021181 :      23728
   46655275222696 :      37668
   46655281263625 :      25718
   46655281879574 :      33773
   46655288142882 :      25226
   46655288644993 :      23460
   46655948134291 :      24929
   46655948179607 :      25143
   46655948796604 :      24470
   46655948841426 :      24247
   46661953264281 :      25337
   46661953663785 :      23791
   46665023843880 :      25767
   46665024428981 :      23543
   46666173864951 :      25542
   46666174447852 :      23551
   46667438630940 :      31336
   46667439284590 :      23310
   46669623798880 :      26227
   46669624386385 :      23451
   46670773668798 :      25824
   46670774251179 :      23528
   46671923752968 :      25875
   46671924336394 :      23413
   46672047727329 :      26039
   46672048394803 :      25624
   46673073728257 :      25562
   46673074314596 :      23784
   46673809524943 :      10123
   46674223726601 :      24895
   46674224315663 :      23066
   46674347721831 :      38926
   46674348377352 :      23663
   46676657481090 :      30338
   46676657531924 :      23345
   46682873622378 :      25393
   46682873714045 :      25944
   46682873788384 :      26151
   46682874211055 :      25194
   46682874520499 :      24594
   46682874841830 :      38501
   46682880723014 :      25685
   46682881337873 :      34235
   46682887608739 :      24745
   46682888108469 :      23440
   46683009346871 :      10074
   46683308341063 :      22733
   46683547598882 :      26586
   46683547645860 :      25940
   46683548236321 :      24203
   46683548295484 :      23436
   46685875134191 :      26000
   46685875756656 :      25012
   46688023297630 :      26008
   46688023917239 :      24053
   46689173279993 :      25550
   46689173863920 :      23632
   46689419346245 :      25965
   46689420054514 :      23382
   46691473226146 :      38152
   46691473871173 :      23497
   46691652591738 :      25629
   46691653230616 :      23172
   46691852689082 :      25254
   46691853345425 :      23580
   46692119280233 :      24999
   46692120074668 :      24015
   46692149183192 :      25536
   46692149971560 :      23219
   46692179082472 :      25908
   46692179872339 :      24004
   46692209168756 :      10356
   46692209190045 :      25487
   46692209933012 :      23301
   46692238877516 :      24864
   46692239668921 :      23908
   46692268840744 :      25576
   46692269571296 :      23612
   46692298676516 :      24872
   46692299472834 :      23399
   46692312671847 :      25188
   46692313332516 :      23885
   46692328578951 :      25364
   46692329369884 :      24046
   46692388377010 :      25186
   46692389168329 :      23451
   46692623152757 :      28873
   46692623377567 :      25715
   46692623966245 :      24031
   46692624027470 :      23462
   46692747374454 :      25346
   46692748057646 :      23868
   46692772665447 :      25895
   46692773322410 :      23853
   46692784144720 :      29184
   46692784813705 :      23601
   46692785117940 :      24011
   46692788775110 :      25789
   46692789423276 :      23428
   46693232652889 :      25838
   46693233310537 :      23379
   46693458016712 :      25416
   46693458653008 :      23868
   46693692647590 :      25438
   46693693305201 :      23563
   46693773132079 :      28633
   46693773196327 :      25954
   46693773817067 :      23985
   46693773861528 :      23917
   46694013298456 :      25056
   46694014023491 :      23364
   46694152635247 :      25724
   46694153293126 :      23586
   46694612630466 :      25479
   46694613286464 :      23459
   46694923105543 :      28776
   46694923328422 :      25600
   46694923917202 :      23854
   46694923978060 :      23925
   46695038129552 :      24979
   46695038789696 :      23336
   46695047303942 :      29259
   46695047983161 :      23707
   46695057123783 :      25625
   46695057760886 :      23853
   46695072617807 :      25413
   46695073275131 :      23825
   46695088679826 :      25778
   46695089340516 :      23857
   46695093329258 :      25830
   46695093978009 :      23431
   46695532611655 :      25315
   46695533270307 :      23525
   46695624983924 :      25563
   46695625656477 :      23388
   46695992599905 :      25278
   46695993257412 :      23791
   46696073085131 :      28839
   46696073728349 :      24239
   46697223261698 :      26233
   46697223849335 :      23148
   46701408990647 :      10194
   46710578722500 :      25516
   46710579515529 :      24535
   46710608831174 :      25093
   46710609610143 :      23860
   46710638521316 :      25153
   46710639312286 :      23488
   46710668421651 :      25537
   46710669215526 :      24262
   46710698325183 :      25242
   46710699114468 :      24124
   46710712317310 :      25438
   46710712978172 :      23643
   46710728222650 :      25162
   46710729015138 :      23362
   46710758119176 :      25784
   46710758912760 :      23459
   46710788021206 :      26186
   46710788811725 :      23577
   46711022808073 :      25050
   46711023610776 :      23500
   46712172969901 :      26154
   46712173554794 :      23546
   46712773216958 :      25800
   46712773308466 :      25399
   46712773383468 :      26089
   46712773806264 :      25262
   46712774130348 :      24340
   46712774381344 :      24159
   46712780200559 :      25853
   46712780787083 :      24107
   46712787006427 :      25044
   46712787531980 :      23549
   46713447005221 :      25619
   46713447051281 :      25644
   46713447667627 :      24469
   46713447712508 :      24236
   46715622904284 :      25531
   46715623491458 :      23402
   46716772740981 :      25545
   46716773324785 :      23482
   46717922860066 :      25770
   46717923447970 :      24868
   46719072844677 :      25795
   46719073466175 :      23293
   46719808634439 :      10049
   46720222839341 :      25712
   46720223422334 :      23916
   46721973183752 :      25811
   46721973273627 :      25955
   46721973347897 :      25648
   46721973772292 :      23814
   46721974074204 :      23565
   46721974345916 :      23888
   46721979985420 :      25637
   46721980601594 :      34514
   46721986828536 :      26715
   46721987352137 :      23348
   46722646827364 :      26224
   46722646873986 :      26477
   46722647464916 :      24291
   46722647525162 :      23258
   46725432034336 :      25426
   46725432347406 :      23114
   46729008456333 :      10071
   46733238225989 :      39793
   46733238303735 :      25244
   46733238884505 :      24363
   46733238944676 :      23428
   46733245093906 :      25221
   46733245677892 :      23529
   46733251903010 :      39349
   46733252048489 :      25848
   46733252559385 :      24196
   46733252603954 :      23666
   46734022420358 :      25957
   46734023046741 :      23851
   46734146614586 :      26209
   46734147226199 :      27024
   46735172386876 :      25347
   46735172968975 :      23620
   46737472334746 :      38440
   46737472979739 :      24632
   46738208278233 :      11644
   46738622468590 :      26174
   46738623084266 :      27818
   46739772301153 :      26171
   46739772889726 :      23454
   46740388656224 :      25698
   46740389368021 :      23479
   46740922427445 :      25775
   46740923015496 :      23635
   46742072261422 :      25186
   46742072839442 :      23193
   46743222305223 :      25632
   46743222889867 :      23049
   46744813924386 :      25346
   46744814423115 :      24193
   46748891580599 :      25965
   46748892239602 :      24078
   46749027924767 :      25746
   46749028592670 :      24118
   46749255927398 :      25987
   46749256605674 :      24098
   46749351567096 :      25519
   46749352224247 :      24069
   46749811565379 :      26221
   46749812224155 :      23977
   46750236986510 :      25726
   46750237670872 :      23551
   46750246212601 :      25987
   46750246894637 :      24239
   46750256058564 :      25844
   46750256700279 :      23497
   46750271552683 :      26000
   46750272209015 :      24305
   46750398010439 :      25389
   46750398672037 :      23379
   46750402658933 :      25862
   46750403305013 :      24167
   46750731540738 :      25933
   46750732198119 :      23977
   46751191534819 :      25872
   46751192194689 :      23911
   46751651527370 :      25369
   46751652182763 :      23528
   46752111521157 :      25326
   46752112177542 :      23597
   46752238861654 :      25194
   46752239587115 :      23885
   46752546168098 :      25410
   46752546847622 :      24242
   46752571511914 :      25277
   46752572167741 :      23830
   46752583016904 :      25071
   46752583987855 :      23416
   46752702564114 :      25346
   46752703223130 :      24262
   46752707218925 :      25258
   46752707868112 :      24116
   46753031499935 :      25485
   46753032156282 :      23494
   46753491487976 :      25392
   46753492146673 :      24106
   46753850558938 :      25218
   46753851230105 :      23574
   46753951481607 :      25816
   46753952139308 :      24350
   46754411471401 :      26178
   46754412127670 :      23421
   46754836868235 :      25677
   46754837580442 :      24078
   46754846123941 :      26218
   46754846805820 :      24000
   46754855967932 :      25163
   46754856603440 :      24104
   46754871463970 :      25933
   46754872121017 :      24075
   46754880810275 :      25833
   46754881544488 :      24075
   46755007119145 :      26155
   46755007781963 :      23477
   46755011772437 :      25659
   46755012422040 :      24083
   46755331453028 :      25415
   46755332111216 :      24311
   46755791445748 :      25887
   46755792101910 :      23494
   46757022008682 :      26025
   46757022589116 :      23500
   46758172090302 :      25439
   46758172671844 :      24235
   46761622022421 :      25404
   46761622601041 :      24106
   46762771973808 :      25809
   46762772553814 :      23382
   46763921967908 :      25128
   46763922555881 :      23618
   46765071952170 :      25773
   46765072536627 :      23917
   46765807743918 :      10010
   46766221948146 :      25777
   46766222532703 :      23526
   46775007565803 :      10087
   46780021522591 :      25447
   46780022143307 :      23477
   46781171602496 :      25944
   46781172218224 :      25380
   46783471445311 :      39247
   46783472089774 :      24046
   46783650807738 :      25749
   46783651450413 :      23396
   46783693756322 :      25019
   46783694436280 :      23977
   46783850906196 :      25635
   46783851565052 :      23403
   46784117498975 :      24861
   46784118290857 :      23170
   46784147398978 :      25594
   46784148191260 :      24040
   46784177297902 :      25770
   46784178091288 :      23935
   46784207387722 :      10163
   46784207408805 :      24498
   46784208155083 :      23422
   46784237100974 :      25541
   46784237892050 :      23265
   46784266998156 :      25240
   46784267791438 :      23215
   46784296900002 :      25490
   46784297689517 :      23958
   46784310893267 :      25137
   46784311554832 :      23209
   46784326798266 :      25481
   46784327588402 :      23859
   46784386593256 :      25908
   46784387387068 :      23626
   46784621369408 :      28345
   46784621592399 :      25656
   46784622182997 :      23675
   46784622244536 :      23356
   46784745590666 :      24978
   46784746274031 :      23569
   46784770885134 :      25077
   46784771542656 :      23848
   46784782373962 :      28391
   46784783344816 :      23448
   46784966353544 :      29311
   46784967015677 :      23963
   46784970991690 :      25421
   46784971639583 :      23333
   46785230876523 :      25781
   46785231537257 :      23543
   46785456232243 :      25453
   46785456876223 :      23986
   46785690862992 :      25323
   46785691520668 :      23940
   46785771349465 :      28784
   46785771415633 :      25804
   46785772037312 :      23448
   46785772081236 :      23344
   46786150854274 :      25312
   46786151511442 :      23874
   46786610847377 :      25671
   46786611506845 :      23871
   46786676672684 :      24996
   46786677398398 :      23454
   46786921325683 :      28330
   46786921547541 :      25103
   46786922137996 :      23596
   46786922202937 :      23451
   46787036345663 :      25540
   46787037008829 :      23359
   46787045520378 :      28661
   46787046201495 :      23425
   46787055341550 :      25629
   46787055978671 :      23825
   46787070837561 :      25367
   46787071494025 :      23830
   46787270895192 :      25816
   46787271557156 :      23991
   46787275542746 :      25789
   46787276191119 :      23497
   46787530827830 :      24978
   46787531486772 :      23428
   46787990818713 :      25350
   46787991475226 :      23474
   46788071307875 :      29403
   46788071951967 :      24193
   46789221485533 :      25142
   46789222072708 :      23911
   46793108215397 :      16759
   46801185659034 :      11546
   46802607031510 :      10421
   46802607052192 :      25197
   46802607833655 :      24193
   46802636739378 :      24882
   46802637543301 :      23209
   46802666640911 :      25171
   46802667434190 :      24221
   46802696541834 :      25260
   46802697339788 :      24032
   46802710536963 :      25246
   46802711197343 :      23609
   46802726441435 :      25015
   46802727233610 :      23497
   46802756340012 :      24975
   46802757140170 :      23761
   46802786241340 :      25749
   46802787031344 :      24178
   46803021029928 :      24829
   46803021251232 :      24699
   46803021835255 :      23510
   46803021895614 :      24043
   46803145210728 :      28596
   46803145895385 :      23635
   46803170528208 :      25819
   46803171187223 :      23609
   46803182005747 :      29089
   46803182975821 :      23532
   46803198000324 :      25955
   46803198141515 :      25528
   46803198763375 :      24325
   46803198889705 :      23511
   46803209637193 :      25200
   46803210280742 :      24129
   46803630519207 :      24970
   46803631180668 :      23648
   46803855879086 :      26003
   46803856515264 :      23750
   46804090509065 :      24992
   46804091168702 :      23546
   46804170994437 :      28689
   46804171794239 :      23405
   46807621125197 :      25982
   46807621710044 :      24251
   46808016541908 :      26162
   46808016665343 :      23281
   46808771108082 :      24999
   46808771690986 :      24081
   46809921082049 :      25671
   46809921664959 :      23428
   46811071061168 :      25116
   46811071681202 :      24127
   46812221056772 :      25769
   46812221637747 :      23230
   46821006675292 :      10071
   46825236442952 :      38979
   46825236502352 :      25702
   46825237124407 :      28457
   46825237173259 :      24213
   46825243423805 :      25706
   46825244007206 :      23514
   46825250120184 :      39123
   46825250264477 :      26520
   46825250774282 :      23706
   46825250849387 :      24158
   46825257133090 :      25355
   46825257660673 :      23482
   46826020642994 :      25524
   46826021265086 :      24129
   46826144833846 :      25334
   46826145450473 :      37355
   46827170604213 :      26062
   46827171191213 :      23574
   46827771310970 :      26117
   46827771401257 :      25852
   46827771472106 :      25958
   46827771898476 :      23756
   46827772175695 :      24226
   46827772372366 :      38041
   46827777916232 :      25823
   46827778532051 :      33965
   46827784807039 :      25080
   46827785305965 :      23440
   46828444782814 :      25207
   46828445415752 :      24552
   46828445460734 :      23390
   46829470551482 :      39486
   46829471193631 :      24087
   46830206497187 :      11205
   46830620683428 :      25524
   46830621297985 :      27183
   46831770510695 :      25797
   46831771128849 :      23359
   46832920636974 :      25202
   46832921220972 :      24083
   46834070467385 :      25678
   46834071050557 :      23212
   46835220594575 :      25816
   46835221178716 :      23181
   46839406319121 :      10248
   46848576051127 :      26017
   46848576845910 :      23597
   46848606141024 :      10056
   46848606161476 :      25876
   46848606943009 :      23451
   46848635850860 :      25309
   46848636642150 :      23566
   46848665753620 :      25493
   46848666544329 :      24055
   46848695653905 :      25093
   46848696441118 :      23586
   46848709647044 :      25399
   46848710307608 :      23612
   46848725556018 :      25139
   46848726343803 :      24121
   46848755448986 :      25674
   46848756244079 :      23486
   46848785346613 :      26319
   46848786141747 :      23528
   46849020138049 :      25050
   46849020937420 :      23520
   46850170308623 :      25412
   46850170895149 :      23655
   46851467308953 :      26333
   46851467969928 :      24143
   46853620235486 :      25685
   46853620822638 :      23597
   46854770146633 :      25217
   46854770733821 :      23615
   46855370920841 :      25977
   46855371010160 :      25275
   46855371082079 :      26000
   46855371509457 :      24470
   46855371815518 :      23671
   46855372133143 :      23899
   46855377463574 :      38534
   46855378096675 :      31072
   46855384256633 :      25691
   46855384775982 :      23503
   46855920189152 :      25812
   46855920772978 :      24021
   46856044246994 :      26146
   46856044293573 :      25388
   46856044910070 :      24096
   46856044954521 :      23419
   46857070169654 :      25254
   46857070752166 :      23440
   46858220176695 :      25248
   46858220758681 :      23880
   46864335767639 :      26871
   46864336298069 :      24969
   46864336411586 :      24316
   46864336491171 :      24127
   46864349372914 :      36041
   46864349542976 :      25830
   46864350024589 :      24188
   46864350069167 :      23669
   46865244064530 :      25749
   46865244110766 :      27023
   46865244694282 :      24233
   46865244754263 :      23485
   46865805063593 :      38675
   46865805882299 :      23609
   46867005784800 :      10706
   46872019743651 :      26303
   46872020368923 :      24193
   46873169739668 :      25439
   46873170323788 :      23899
   46875469666896 :      37094
   46875470307720 :      24130
   46876619790476 :      26249
   46876620378531 :      23531
   46877689085295 :      25528
   46877689742483 :      24060
   46877769568471 :      29199
   46877769633544 :      26224
   46877770252604 :      25104
   46877770298106 :      24250
   46878149074322 :      25237
   46878149730443 :      23477
   46878307982537 :      25695
   46878308710290 :      24046
   46878609064616 :      25927
   46878609721533 :      24221
   46878919542818 :      28433
   46878919765998 :      25235
   46878920353953 :      23796
   46878920413543 :      24270
   46879034567254 :      25629
   46879035229652 :      23919
   46879043738942 :      29595
   46879044417850 :      24037
   46879053561908 :      25255
   46879054198957 :      24075
   46879069060194 :      26062
   46879069720168 :      23448
   46879453107368 :      26005
   46879453769450 :      23474
   46879457763077 :      25850
   46879458408791 :      23988
   46879529046756 :      26071
   46879529704674 :      23606
   46879919665870 :      25594
   46879920334190 :      24057
   46879989038087 :      26241
   46879989695135 :      24101
   46880069523379 :      28380
   46880069585373 :      26006
   46880070174256 :      23947
   46880070233421 :      24259
   46880230542484 :      25740
   46880231211235 :      24285
   46880449031159 :      26120
   46880449689336 :      24196
   46880909023305 :      26062
   46880909682775 :      24244
   46881219503001 :      29015
   46881219728603 :      25569
   46881220316185 :      23919
   46881220377922 :      23370
   46881343672819 :      26017
   46881344353347 :      23569
   46881369017653 :      26010
   46881369674452 :      24103
   46881380496441 :      29132
   46881381453339 :      23497
   46881757667516 :      26079
   46881758330091 :      24193
   46881762316092 :      25323
   46881762963335 :      23333
   46881829005105 :      25367
   46881829662837 :      23390
   46882079578589 :      25708
   46882080362573 :      23543
   46883691961776 :      11947
   46885270521159 :      25939
   46885270612076 :      25854
   46885270686378 :      26383
   46885271110063 :      24370
   46885271437211 :      24318
   46885271687725 :      23488
   46885276823791 :      25502
   46885277407601 :      24245
   46885283689410 :      25053
   46885284191224 :      23601
   46885405428613 :      10405
   46885943682555 :      25553
   46885943728512 :      25643
   46885944345932 :      25395
   46885944391668 :      23140
   46894470506089 :      25446
   46894470597591 :      26690
   46894470671611 :      25326
   46894471094764 :      24418
   46894471372841 :      23716
   46894471671829 :      24106
   46894476617974 :      25331
   46894477207622 :      23483
   46894483491721 :      25862
   46894484016024 :      23468
   46895019336867 :      26160
   46895019918741 :      24127
   46895143501723 :      25705
   46895143547907 :      25658
   46895144168241 :      37075
   46895144225726 :      23390
   46896169414426 :      25461
   46896169998361 :      24106
   46899619304333 :      25982
   46899619895546 :      23402
   46900769186870 :      24822
   46900769768738 :      24173
   46901919301355 :      25809
   46901919893381 :      23546
   46903069287982 :      26014
   46903069907172 :      24196
   46903805072376 :      10197
   46904219273875 :      25623
   46904219860801 :      23215
   46905288548383 :      25856
   46905289208366 :      24098
   46905369033224 :      29316
   46905369841059 :      23977
   46905599053247 :      25137
   46905599702406 :      24262
   46905748543114 :      25150
   46905749201385 :      24274
   46906208529808 :      25576
   46906209187649 :      23471
   46906633960327 :      25629
   46906634646565 :      23523
   46906643182088 :      26112
   46906643861935 :      23517
   46906653030583 :      25596
   46906653665363 :      23336
   46906668521172 :      26059
   46906669181755 :      24213
   46906689182609 :      25723
   46906689848186 :      23558
   46906768439085 :      25091
   46906769164014 :      24058
   46907000196616 :      25056
   46907000900822 :      23474
   46907107771885 :      25459
   46907108436839 :      23957
   46907112423006 :      26025
   46907113070051 :      23957
   46907128519243 :      25285
   46907129177437 :      23379
   46907230544306 :      25845
   46907231211966 :      23566
   46907588506176 :      26019
   46907589162717 :      23563
   46908048497814 :      25937
   46908049161357 :      23635
   46908366422177 :      25419
   46908367178878 :      24078
   46908508490368 :      26003
   46908509150268 :      23500
   46908599957056 :      25180
   46908600680151 :      24049
   46908943135891 :      25334
   46908943820483 :      24029
   46908968476721 :      26775
   46908969132725 :      23471
   46908979978616 :      25832
   46908980938024 :      24072
   46909412329617 :      26108
   46909412991290 :      24003
   46909416981336 :      26059
   46909417627725 :      24055
   46909428470925 :      26074
   46909429126727 :      24060
   46909751208664 :      25913
   46909751877364 :      24216
   46909888459167 :      26056
   46909889117895 :      24161
   46909976919357 :      25832
   46909977597860 :      23991
   46910348453393 :      25534
   46910349112019 :      24308
