hourglass
init: tps = 889214197
secs      : 60
threshold : 0
mode      : histogram (cnt: 50, width: 100)
Dummy result: 0 
   # loops  :       568529795
   Min.     :              68     (@loop #53546)
   Avg.     :              93.84
   Max.     :            9252     (@loop #22305652)
Histogram (50 bins with 100 ticks each)
         0 :     0..   99 : 568492959   ******************************
         1 :   100..  199 : 14425       **************
         2 :   200..  299 : 9           ****
         3 :   300..  399 : 0           
         4 :   400..  499 : 0           
         5 :   500..  599 : 0           
         6 :   600..  699 : 1           **
         7 :   700..  799 : 0           
         8 :   800..  899 : 0           
         9 :   900..  999 : 0           
        10 :  1000.. 1099 : 0           
        11 :  1100.. 1199 : 2368        ************
        12 :  1200.. 1299 : 30          *****
        13 :  1300.. 1399 : 0           
        14 :  1400.. 1499 : 0           
        15 :  1500.. 1599 : 0           
        16 :  1600.. 1699 : 0           
        17 :  1700.. 1799 : 0           
        18 :  1800.. 1899 : 0           
        19 :  1900.. 1999 : 0           
        20 :  2000.. 2099 : 0           
        21 :  2100.. 2199 : 0           
        22 :  2200.. 2299 : 0           
        23 :  2300.. 2399 : 0           
        24 :  2400.. 2499 : 0           
        25 :  2500.. 2599 : 0           
        26 :  2600.. 2699 : 0           
        27 :  2700.. 2799 : 31          ******
        28 :  2800.. 2899 : 6744        *************
        29 :  2900.. 2999 : 6423        *************
        30 :  3000.. 3099 : 6158        *************
        31 :  3100.. 3199 : 124         *******
        32 :  3200.. 3299 : 47          ******
        33 :  3300.. 3399 : 93          *******
        34 :  3400.. 3499 : 78          *******
        35 :  3500.. 3599 : 75          *******
        36 :  3600.. 3699 : 57          ******
        37 :  3700.. 3799 : 28          *****
        38 :  3800.. 3899 : 14          ****
        39 :  3900.. 3999 : 2           **
        40 :  4000.. 4099 : 3           ***
        41 :  4100.. 4199 : 19          *****
        42 :  4200.. 4299 : 14          ****
        43 :  4300.. 4399 : 35          ******
        44 :  4400.. 4499 : 11          ****
        45 :  4500.. 4599 : 5           ***
        46 :  4600.. 4699 : 4           ***
        47 :  4700.. 4799 : 4           ***
        48 :  4800.. 4899 : 0           
        49 :  4900.. 4999 : 34          ******
