hourglass
init: tps = 2667126850
secs      : 60
threshold : 1000
mode      : list (cnt: 1000)
Dummy result: 0 
   # loops  :            1000
   Min.     :            1016     (@loop #313)
   Avg.     :            2618.49
   Max.     :            9036     (@loop #338)
    5628185760816 :       3152
    5628188428128 :       2800
    5628191095100 :       2976
    5628193762252 :       3064
    5628196429492 :       2856
    5628199096520 :       3000
    5628201763692 :       2944
    5628204430808 :       2988
    5628207097968 :       2936
    5628209765076 :       2940
    5628212432188 :       1068
    5628212437344 :       2808
    5628215099524 :       3036
    5628217766732 :       2796
    5628220433700 :       2972
    5628223100844 :       2976
    5628225767992 :       2940
    5628228435100 :       2944
    5628231102220 :       1068
    5628231107360 :       2824
    5628233769556 :       2820
    5628236436548 :       2972
    5628239103692 :       2968
    5628241770832 :       2940
    5628244437952 :       3612
    5628247105080 :       1076
    5628247110224 :       2828
    5628249772428 :       4128
    5628252439476 :       2888
    5628255106508 :       2972
    5628257773652 :       1072
    5628257778796 :       2824
    5628260440992 :       2824
    5628263107988 :       2996
    5628265775124 :       2976
    5628268442272 :       2944
    5628271109384 :       1076
    5628271114532 :       2824
    5628273776728 :       2824
    5628276443724 :       2976
    5628279110872 :       2972
    5628281778016 :       2940
    5628284445128 :       2944
    5628287112240 :       1076
    5628287117384 :       2836
    5628289779592 :       2912
    5628292446676 :       2788
    5628295113964 :       2776
    5628297780912 :       2996
    5628300448048 :       2972
    5628303115192 :       2940
    5628305782300 :       2944
    5628308449420 :       1068
    5628308454560 :       2832
    5628311116760 :       2824
    5628313783756 :       2972
    5628316450900 :       2972
    5628319118044 :       2948
    5628321785160 :       2940
    5628324452268 :       1068
    5628324457412 :       2824
    5628327119612 :       2824
    5628329786608 :       2972
    5628332453756 :       2968
    5628335120900 :       2964
    5628337788008 :       1068
    5628337793152 :       2848
    5628340455344 :       2828
    5628343122348 :       2972
    5628345789492 :       2972
    5628348456640 :       2940
    5628351123752 :       3016
    5628353790884 :       1056
    5628353796024 :       2808
    5628356458204 :       2828
    5628359125204 :       2972
    5628361792348 :       2972
    5628364459492 :       2940
    5628367126600 :       1076
    5628367131744 :       2828
    5628369793944 :       2824
    5628372460940 :       3016
    5628375128088 :       3040
    5628377795268 :       2940
    5628380462376 :       2940
    5628383129488 :       3340
    5628385796672 :       3652
    5628388463804 :       2924
    5628391130900 :       1068
    5628391136040 :       2824
    5628393798232 :       2824
    5628396465228 :       2972
    5628399132368 :       2972
    5628401799512 :       2940
    5628404466620 :       1076
    5628404471764 :       2836
    5628407133972 :       2824
    5628409800968 :       2968
    5628412468108 :       2996
    5628415135244 :       2948
    5628417802364 :       1056
    5628417807492 :       2824
    5628420469684 :       2828
    5628423136684 :       2976
    5628425803832 :       2968
    5628428470972 :       2940
    5628431138084 :       1072
    5628431143228 :       2824
    5628433805424 :       2828
    5628436472424 :       2972
    5628439139568 :       2996
    5628441806704 :       2944
    5628444473820 :       1068
    5628444478960 :       2824
    5628447141156 :       2824
    5628449808148 :       2972
    5628452475292 :       2968
    5628455142432 :       2940
    5628457809544 :       2944
    5628460476660 :       1068
    5628460481800 :       2912
    5628463144084 :       2828
    5628465811084 :       2792
    5628468478380 :       2788
    5628471145340 :       2996
    5628473812504 :       2956
    5628476479632 :       2940
    5628479146744 :       2948
    5628481813840 :       1068
    5628481819000 :       2824
    5628484481196 :       2824
    5628487148188 :       2972
    5628489815332 :       2968
    5628492482472 :       2936
    5628495149580 :       2940
    5628497816688 :       1068
    5628497821828 :       2824
    5628500484024 :       2832
    5628503151028 :       2972
    5628505818172 :       2968
    5628508485312 :       2964
    5628511152448 :       1052
    5628511157584 :       2832
    5628513819760 :       2824
    5628516486776 :       2968
    5628519153916 :       2972
    5628521821056 :       2940
    5628524488168 :       1068
    5628524493308 :       2808
    5628527155488 :       2820
    5628529822480 :       2976
    5628532489624 :       2976
    5628535156772 :       2936
    5628537823880 :       1072
    5628537829020 :       2824
    5628540491216 :       2824
    5628543158212 :       2968
    5628545825352 :       3040
    5628548492532 :       2940
    5628551159644 :       2944
    5628553826760 :       1068
    5628553831900 :       2824
    5628556494096 :       2824
    5628559161088 :       2972
    5628561828232 :       2968
    5628564495372 :       2940
    5628567162484 :       1072
    5628567167628 :       2824
    5628569829824 :       2828
    5628572496824 :       2972
    5628575163968 :       2996
    5628577831104 :       2944
    5628580498220 :       2940
    5628583165328 :       1072
    5628583170472 :       2824
    5628585832664 :       2828
    5628588499668 :       2972
    5628591166812 :       2968
    5628593833952 :       2940
    5628596501064 :       1072
    5628596506212 :       2824
    5628599168408 :       2824
    5628601835404 :       2972
    5628604502548 :       2996
    5628607169684 :       2944
    5628609836800 :       1068
    5628609841940 :       2824
    5628612504136 :       2820
    5628615171128 :       2972
    5628617838272 :       2968
    5628620505412 :       2940
    5628623172524 :       1072
    5628623177668 :       2824
    5628625839864 :       2828
    5628628506864 :       2980
    5628631174016 :       3040
    5628633841228 :       2808
    5628636508208 :       1096
    5628636513376 :       2824
    5628639175572 :       2832
    5628641842572 :       2972
    5628644509716 :       2940
    5628647176824 :       1076
    5628647181984 :       2812
    5628649844172 :       2832
    5628652511176 :       3000
    5628655178320 :       2972
    5628657845488 :       2924
    5628660512596 :       2948
    5628663179724 :       1052
    5628663184820 :       2828
    5628665847028 :       2820
    5628668514020 :       2976
    5628671181164 :       2976
    5628673848312 :       2936
    5628676515420 :       1068
    5628676520564 :       2808
    5628679182744 :       2828
    5628681849744 :       2980
    5628684516896 :       2992
    5628687184028 :       2940
    5628689851140 :       1068
    5628689856280 :       2824
    5628692518476 :       2824
    5628695185468 :       2972
    5628697852612 :       2968
    5628700519752 :       2940
    5628703186864 :       1072
    5628703192008 :       2824
    5628705854204 :       2828
    5628708521204 :       2972
    5628711188348 :       2996
    5628713855484 :       2952
    5628716522608 :       1052
    5628716527732 :       2872
    5628719189976 :       2824
    5628721856972 :       2972
    5628724524116 :       2976
    5628727191264 :       2924
    5628729858360 :       2936
    5628732525468 :       1068
    5628732530608 :       2824
    5628735192804 :       2832
    5628737859808 :       2972
    5628740526952 :       2968
    5628743194092 :       2964
    5628745861228 :       2928
    5628748528328 :       1072
    5628748533472 :       2824
    5628751195668 :       2824
    5628753862664 :       2972
    5628756529808 :       2980
    5628759196960 :       2940
    5628761864068 :       1072
    5628761869212 :       2820
    5628764531404 :       2828
    5628767198404 :       2980
    5628769865556 :       2996
    5628772532692 :       2940
    5628775199804 :       2944
    5628777866920 :       1068
    5628777872060 :       2824
    5628780534256 :       2824
    5628783201248 :       2972
    5628785868392 :       2968
    5628788535532 :       2948
    5628791202648 :       1072
    5628791207792 :       2824
    5628793869984 :       2828
    5628796536984 :       2976
    5628799204132 :       2992
    5628801871264 :       2992
    5628804538428 :       2940
    5628807205540 :       1068
    5628807210680 :       2824
    5628809872876 :       2828
    5628812539876 :       2972
    5628815207016 :       2972
    5628817874160 :       2940
    5628820541268 :       2948
    5628823208388 :       1052
    5628823213512 :       2840
    5628825875724 :       2824
    5628828542720 :       2988
    5628831209848 :       2968
    5628833876988 :       1068
    5628833882128 :       2824
    5628836544324 :       2828
    5628839211324 :       2972
    5628841878468 :       2992
    5628844545600 :       2944
    5628847212716 :       1068
    5628847217856 :       3156
    5628849880056 :       2824
    5628852547048 :       2972
    5628855214192 :       2968
    5628857881332 :       2940
    5628860548444 :       2944
    5628863215540 :       1092
    5628863220724 :       3424
    5628865882860 :       2820
    5628868549860 :       2968
    5628871217004 :       2992
    5628873884168 :       1052
    5628873889300 :       2820
    5628876551492 :       2824
    5628879218488 :       2968
    5628881885628 :       2968
    5628884552772 :       2940
    5628887219880 :       1072
    5628887225024 :       2896
    5628889886964 :       1100
    5628889892140 :       3288
    5628892554168 :       1016
    5628892559264 :       2792
    5628895221424 :       2852
    5628897888448 :       1032
    5628897893552 :       2848
    5628900555744 :       2828
    5628903222748 :       2996
    5628905889920 :       2992
    5628908557088 :       2940
    5628911224204 :       1052
    5628911229332 :       2824
    5628913891532 :       2824
    5628916558528 :       2972
    5628919225680 :       3608
    5628921892740 :       1076
    5628921897888 :       2820
    5628924560084 :       2808
    5628927227064 :       2996
    5628929894204 :       2976
    5628932561352 :       1068
    5628932566492 :       4144
    5628935228484 :       1064
    5628935233620 :       2880
    5628937895840 :       2848
    5628940562840 :       2968
    5628943229984 :       9036
    5628945897112 :       3400
    5628948564204 :       1072
    5628948569348 :       2824
    5628951231544 :       2828
    5628953898544 :       2960
    5628956565676 :       2940
    5628959232788 :       1068
    5628959237900 :       2824
    5628961900100 :       2828
    5628964567104 :       3016
    5628967234260 :       2976
    5628969901408 :       2940
    5628972568520 :       1068
    5628972573660 :       2916
    5628975235648 :       1052
    5628975240772 :       5140
    5628977902968 :       3624
    5628980570104 :       2820
    5628983237096 :       2996
    5628985904264 :       2940
    5628988571376 :       1068
    5628988576516 :       2824
    5628991238712 :       2828
    5628993905712 :       2972
    5628996572856 :       2968
    5628999239992 :       2944
    5629001907104 :       1076
    5629001912252 :       2828
    5629004574452 :       2824
    5629007241448 :       2968
    5629009908588 :       2996
    5629012575724 :       2948
    5629015242844 :       1056
    5629015247972 :       2820
    5629017910164 :       2828
    5629020577164 :       2976
    5629023244312 :       2968
    5629025911452 :       2940
    5629028578560 :       1076
    5629028583704 :       2828
    5629031245904 :       2828
    5629033912904 :       2972
    5629036580048 :       2992
    5629039247180 :       2944
    5629041914296 :       1068
    5629041919436 :       6220
    5629044581640 :       3348
    5629047248832 :       2788
    5629049915792 :       2968
    5629052582932 :       2968
    5629055250072 :       2944
    5629057917188 :       3028
    5629060584388 :       2936
    5629063251500 :       2940
    5629065918612 :       2936
    5629068585720 :       1068
    5629068590860 :       2824
    5629071253056 :       2820
    5629073920048 :       2968
    5629076587188 :       2968
    5629079254328 :       1072
    5629079259468 :       2824
    5629081921664 :       2824
    5629084588660 :       2976
    5629087255804 :       2976
    5629089922952 :       2940
    5629092590064 :       2940
    5629095257176 :       1072
    5629095262320 :       2824
    5629097924512 :       2824
    5629100591508 :       2972
    5629103258648 :       2972
    5629105925792 :       2940
    5629108592900 :       1076
    5629108598044 :       2828
    5629111260244 :       2828
    5629113927244 :       2972
    5629116594392 :       2992
    5629119261528 :       2936
    5629121928636 :       1072
    5629121933780 :       2824
    5629124595972 :       2824
    5629127262968 :       2972
    5629129930108 :       2972
    5629132597252 :       2940
    5629135264360 :       1076
    5629135269504 :       2828
    5629137931704 :       2828
    5629140598704 :       2976
    5629143265852 :       3040
    5629145933032 :       2940
    5629148600144 :       2944
    5629151267260 :       2968
    5629153934404 :       1052
    5629153939528 :       2824
    5629156601724 :       2860
    5629159268756 :       2968
    5629161935900 :       3000
    5629164603072 :       2824
    5629167270068 :       1100
    5629167275236 :       2856
    5629169937468 :       2824
    5629172604464 :       3004
    5629175271640 :       2848
    5629177938628 :       1100
    5629177943800 :       2880
    5629180606020 :       2824
    5629183273036 :       3000
    5629185940208 :       2940
    5629188607316 :       2972
    5629191274456 :       2940
    5629193941568 :       2968
    5629196608708 :       1068
    5629196613848 :       2808
    5629199276028 :       2852
    5629201943052 :       2972
    5629204610196 :       3008
    5629207277376 :       2824
    5629209944372 :       1100
    5629209949544 :       2836
    5629212611764 :       2812
    5629215278756 :       3004
    5629217945936 :       2964
    5629220613044 :       2976
    5629223280196 :       3028
    5629225947400 :       2856
    5629228614436 :       1072
    5629228619580 :       2876
    5629231281828 :       2852
    5629233948856 :       2824
    5629236615852 :       1096
    5629236621020 :       2852
    5629239283244 :       2852
    5629241950240 :       3024
    5629244617456 :       2824
    5629247284452 :       2968
    5629249951588 :       1068
    5629249956732 :       2824
    5629252618928 :       2820
    5629255285920 :       2968
    5629257953068 :       2968
    5629260620212 :       2936
    5629263287320 :       1068
    5629263292460 :       2820
    5629265954652 :       2824
    5629268621648 :       2968
    5629271288788 :       2992
    5629273955920 :       2944
    5629276623032 :       1072
    5629276628176 :       2824
    5629279290368 :       2824
    5629281957364 :       2976
    5629284624512 :       2968
    5629287291656 :       2940
    5629289958768 :       1068
    5629289963908 :       2824
    5629292626104 :       2828
    5629295293104 :       2972
    5629297960248 :       2996
    5629300627384 :       2944
    5629303294500 :       1068
    5629303299644 :       2808
    5629305961824 :       2828
    5629308628824 :       2972
    5629311295968 :       2980
    5629313963116 :       2988
    5629316630276 :       2940
    5629319297384 :       2944
    5629321964500 :       1076
    5629321969648 :       2824
    5629324631844 :       2828
    5629327298844 :       2972
    5629329965988 :       2972
    5629332633136 :       2944
    5629335300252 :       1072
    5629335305392 :       2824
    5629337967588 :       2824
    5629340634588 :       2968
    5629343301728 :       2980
    5629345968876 :       2940
    5629348635988 :       2940
    5629351303100 :       1068
    5629351308240 :       2824
    5629353970436 :       2820
    5629356637428 :       2972
    5629359304572 :       2968
    5629361971712 :       2940
    5629364638824 :       1072
    5629364643968 :       2832
    5629367306168 :       2824
    5629369973164 :       2976
    5629372640312 :       2992
    5629375307444 :       2952
    5629377974568 :       1068
    5629377979708 :       2824
    5629380641904 :       2828
    5629383308904 :       2972
    5629385976052 :       2972
    5629388643196 :       2940
    5629391310304 :       2944
    5629393977420 :       1072
    5629393982584 :       2808
    5629396644764 :       2832
    5629399311768 :       3020
    5629401978956 :       2792
    5629404646220 :       2816
    5629407313180 :       2980
    5629409980332 :       2968
    5629412647472 :       2940
    5629415314584 :       1072
    5629415319728 :       2824
    5629417981924 :       2836
    5629420648932 :       2968
    5629423316072 :       2968
    5629425983212 :       2940
    5629428650324 :       2948
    5629431317444 :       1056
    5629431322572 :       2824
    5629433984764 :       2828
    5629436651764 :       2976
    5629439318912 :       2976
    5629441986060 :       2964
    5629444653164 :       1076
    5629444658312 :       2844
    5629447320500 :       2820
    5629449987516 :       3320
    5629452654688 :       3592
    5629455321732 :       1068
    5629455326868 :       2824
    5629457989064 :       2828
    5629460656064 :       2980
    5629463323212 :       2972
    5629465990348 :       1068
    5629465995460 :       2828
    5629468657664 :       2828
    5629471324668 :       3000
    5629473991816 :       2968
    5629476658960 :       2940
    5629479326076 :       1068
    5629479331220 :       2824
    5629481993420 :       2820
    5629484660416 :       3028
    5629487327620 :       2792
    5629489994916 :       2792
    5629492661880 :       2972
    5629495329028 :       2968
    5629497996172 :       2940
    5629500663284 :       2944
    5629503330400 :       2944
    5629505997516 :       1072
    5629506002660 :       2824
    5629508664852 :       2824
    5629511331848 :       2972
    5629513998988 :       2980
    5629516666136 :       2940
    5629519333248 :       1072
    5629519338388 :       2824
    5629522000584 :       2828
    5629524667584 :       2996
    5629527334720 :       2972
    5629530001884 :       2984
    5629532668980 :       1068
    5629532674116 :       2824
    5629535336312 :       2832
    5629538003312 :       2972
    5629540670460 :       2968
    5629543337600 :       2936
    5629546004708 :       2940
    5629548671816 :       1072
    5629548676960 :       2824
    5629551339152 :       2824
    5629554006148 :       2972
    5629556673288 :       2972
    5629559340432 :       1068
    5629559345572 :       2824
    5629562007768 :       2820
    5629564674760 :       2976
    5629567341912 :       2968
    5629570009052 :       2952
    5629572676172 :       2940
    5629575343284 :       1072
    5629575348432 :       2824
    5629578010628 :       2824
    5629580677624 :       2972
    5629583344768 :       2972
    5629586011916 :       2940
    5629588679024 :       2944
    5629591346140 :       1072
    5629591351304 :       2808
    5629594013484 :       2828
    5629596680484 :       2972
    5629599347628 :       2968
    5629602014768 :       2964
    5629604681872 :       1068
    5629604687012 :       2844
    5629607349228 :       2808
    5629610016208 :       2968
    5629612683348 :       2972
    5629615350492 :       4504
    5629618017728 :       2936
    5629620684804 :       2948
    5629623351924 :       2948
    5629626019044 :       1076
    5629626024192 :       2820
    5629628686384 :       2828
    5629631353384 :       2976
    5629634020532 :       2972
    5629636687676 :       2940
    5629639354788 :       2944
    5629642021900 :       1076
    5629642027044 :       2832
    5629644689248 :       2824
    5629647356244 :       2972
    5629650023392 :       2972
    5629652690536 :       2964
    5629655357640 :       1076
    5629655362784 :       2864
    5629658024988 :       2824
    5629660691988 :       3604
    5629663359104 :       2972
    5629666026248 :       2940
    5629668693356 :       1072
    5629668698500 :       2820
    5629671360692 :       2824
    5629674027688 :       2968
    5629676694828 :       2972
    5629679361972 :       2936
    5629682029080 :       1072
    5629682034220 :       2824
    5629684696416 :       2824
    5629687363412 :       2968
    5629690030552 :       2992
    5629692697688 :       2940
    5629695364800 :       1068
    5629695369940 :       2824
    5629698032132 :       2824
    5629700699128 :       2972
    5629703366272 :       2972
    5629706033416 :       2940
    5629708700524 :       1076
    5629708705672 :       2824
    5629711367868 :       2820
    5629714034860 :       2976
    5629716702008 :       2992
    5629719369140 :       2944
    5629722036256 :       1068
    5629722041396 :       2824
    5629724703592 :       2824
    5629727370584 :       2976
    5629730037736 :       2972
    5629732704876 :       2940
    5629735371988 :       1068
    5629735377128 :       2824
    5629738039324 :       2828
    5629740706324 :       3032
    5629743373528 :       2812
    5629746040812 :       2792
    5629748707772 :       2972
    5629751374916 :       3016
    5629754042104 :       2828
    5629756709104 :       1100
    5629756714276 :       2824
    5629759376472 :       2824
    5629762043468 :       2968
    5629764710608 :       2940
    5629767377720 :       1072
    5629767382864 :       2808
    5629770045044 :       2824
    5629772712040 :       3000
    5629775379184 :       2972
    5629778046328 :       2940
    5629780713440 :       1072
    5629780718580 :       2824
    5629783380780 :       2824
    5629786047776 :       2968
    5629788714916 :       2972
    5629791382040 :       2940
    5629794049176 :       1068
    5629794054320 :       2828
    5629796716520 :       2828
    5629799383520 :       2972
    5629802050672 :       2996
    5629804717820 :       2940
    5629807384936 :       2940
    5629810052048 :       1068
    5629810057188 :       2824
    5629812719384 :       2828
    5629815386384 :       2972
    5629818053528 :       2972
    5629820720676 :       2940
    5629823387784 :       2944
    5629826054900 :       1072
    5629826060064 :       2820
    5629828722264 :       2808
    5629831389244 :       2972
    5629834056388 :       2968
    5629836723528 :       2964
    5629839390636 :       1068
    5629839395776 :       2844
    5629842057960 :       2828
    5629844724960 :       2968
    5629847392128 :       2952
    5629850059252 :       2940
    5629852726360 :       1072
    5629852731504 :       2808
    5629855393692 :       2824
    5629858060684 :       2976
    5629860727832 :       2968
    5629863394972 :       2940
    5629866062080 :       1076
    5629866067224 :       2828
    5629868729424 :       2828
    5629871396424 :       2972
    5629874063568 :       2992
    5629876730700 :       2944
    5629879397816 :       1068
    5629879402956 :       2824
    5629882065156 :       2820
    5629884732148 :       2972
    5629887399292 :       2968
    5629890066432 :       2940
    5629892733548 :       1068
    5629892738688 :       2804
    5629895400864 :       2828
    5629898067864 :       2976
    5629900735012 :       2992
    5629903402148 :       2936
    5629906069256 :       1072
    5629906074400 :       2824
    5629908736596 :       2824
    5629911403592 :       2980
    5629914070744 :       2972
    5629916737888 :       2940
    5629919405004 :       1056
    5629919410132 :       2820
    5629922072324 :       2828
    5629924739324 :       2976
    5629927406476 :       2992
    5629930073608 :       2940
    5629932740720 :       1068
    5629932745860 :       2824
    5629935408056 :       2824
    5629938075048 :       2972
    5629940742192 :       2968
    5629943409332 :       2940
    5629946076444 :       1076
    5629946081592 :       2824
    5629948743784 :       2828
    5629951410784 :       2976
    5629954077932 :       2992
    5629956745064 :       2944
    5629959412180 :       2940
    5629962079284 :       1072
    5629962084432 :       2824
    5629964746624 :       2828
    5629967413624 :       2976
    5629970080772 :       2968
    5629972747912 :       2936
    5629975415020 :       1068
    5629975420160 :       2824
    5629978082356 :       2820
    5629980749348 :       2972
    5629983416492 :       3336
    5629986083640 :       3720
    5629988750840 :       2920
    5629991417932 :       2920
    5629994085020 :       1076
    5629994090164 :       2824
    5629996752360 :       2904
    5629999419400 :       2948
    5630002086524 :       2956
    5630004753652 :       2916
    5630007420740 :       1068
    5630007425888 :       2804
    5630010088064 :       2808
    5630012755044 :       2952
    5630015422168 :       1100
    5630015427344 :       2804
    5630018089520 :       2772
    5630020756468 :       1100
    5630020761640 :       2788
    5630023423800 :       2772
    5630026090744 :       1080
    5630026095896 :       2788
    5630028758056 :       2768
    5630031425300 :       2772
    5630034092248 :       2976
    5630036759392 :       2972
    5630039426532 :       1068
    5630039431676 :       2820
    5630042093872 :       2800
    5630044760848 :       2952
    5630047427972 :       2952
    5630050095096 :       1068
    5630050100240 :       2820
    5630052762436 :       2800
    5630055429412 :       2952
    5630058096540 :       2948
    5630060763664 :       1072
    5630060768812 :       2824
    5630063431008 :       2804
    5630066097988 :       2952
    5630068765112 :       2952
    5630071432236 :       1068
    5630071437376 :       2820
    5630074099568 :       2804
    5630076766540 :       2956
    5630079433668 :       1096
    5630079438836 :       2828
    5630082101036 :       2780
    5630084767988 :       2952
    5630087435108 :       1100
    5630087440280 :       2820
    5630090102472 :       2768
    5630092769412 :       2952
    5630095436536 :       1096
    5630095441704 :       2804
    5630098103880 :       2772
    5630100770844 :       1084
    5630100776000 :       2788
    5630103438160 :       2768
    5630106105104 :       1084
    5630106110260 :       2784
    5630108772416 :       2772
    5630111439660 :       2768
    5630114106604 :       2980
    5630116773756 :       2976
    5630119440904 :       2920
    5630122107996 :       1068
    5630122113136 :       2828
    5630124775336 :       2804
    5630127442308 :       2952
    5630130109428 :       2952
    5630132776556 :       1068
    5630132781696 :       2820
    5630135443888 :       2804
    5630138110864 :       2952
    5630140777992 :       1100
    5630140783164 :       2848
    5630143445356 :       2768
    5630146112296 :       1100
    5630146117440 :       2788
    5630148779620 :       2772
    5630151446564 :       1080
    5630151451716 :       2788
    5630154113880 :       2768
    5630156781148 :       2772
    5630159448092 :       2976
    5630162115236 :       2976
    5630164782388 :       2920
    5630167449476 :       1072
    5630167454620 :       2832
    5630170116824 :       2804
    5630172783800 :       2956
    5630175450928 :       2948
    5630178118048 :       1072
    5630178123188 :       2824
    5630180785380 :       2808
    5630183452360 :       2948
    5630186119500 :       2952
    5630188786620 :       1072
    5630188791764 :       2820
    5630191453956 :       2812
    5630194120940 :       2960
    5630196788072 :       2948
    5630199455188 :       1068
    5630199460328 :       2820
    5630202122520 :       2804
    5630204789516 :       2952
    5630207456640 :       2964
    5630210123776 :       1068
    5630210128916 :       2820
    5630212791108 :       2896
    5630215458084 :       2956
    5630218125212 :       2956
    5630220792336 :       1068
    5630220797476 :       2824
    5630223459672 :       2804
    5630226126648 :       1100
    5630226131820 :       2788
    5630228793980 :       2772
    5630231460948 :       1060
    5630231466080 :       2788
    5630234128240 :       2776
    5630236795192 :       1076
    5630236800340 :       2788
    5630239462500 :       2776
    5630242129780 :       2776
    5630244796724 :       2984
    5630247463884 :       2984
    5630250131040 :       2920
    5630252798168 :       2916
    5630255465256 :       1068
    5630255470396 :       2820
    5630258132588 :       2804
    5630260799564 :       2952
    5630263466688 :       2952
    5630266133808 :       1068
    5630266138948 :       2820
    5630268801140 :       2804
    5630271468136 :       2948
    5630274135260 :       2952
    5630276802380 :       1072
    5630276807524 :       2804
    5630279469700 :       2844
    5630282136692 :       2948
    5630284803812 :       1100
    5630284808984 :       2804
    5630287471160 :       2772
    5630290138128 :       1084
    5630290143284 :       2772
    5630292805428 :       2768
    5630295472700 :       2768
    5630298139644 :       4368
    5630300806924 :       2864
    5630303473956 :       2952
    5630306141080 :       2940
    5630308808192 :       2916
    5630311475280 :       1072
    5630311480444 :       2808
    5630314142624 :       2804
    5630316809604 :       2956
    5630319476732 :       2948
    5630322143848 :       1068
    5630322148988 :       2824
    5630324811184 :       2808
    5630327478164 :       2952
    5630330145288 :       1100
    5630330150460 :       2820
    5630332812656 :       2772
    5630335479600 :       2948
    5630338146720 :       1100
    5630338151900 :       2840
    5630340814112 :       2868
    5630343481152 :       2784
    5630346148440 :       2780
    5630348815396 :       2960
    5630351482536 :       2960
    5630354149672 :       2932
    5630356816776 :       1072
    5630356821920 :       2820
    5630359484116 :       2804
    5630362151092 :       2948
    5630364818212 :       2952
    5630367485332 :       1072
    5630367490480 :       2820
    5630370152668 :       2804
    5630372819644 :       2956
    5630375486780 :       3296
    5630378153920 :       3608
    5630380821316 :       2804
    5630383488292 :       2916
    5630386155380 :       2920
    5630388822484 :       1052
    5630388827608 :       2800
    5630391489780 :       2808
    5630394156760 :       1096
    5630394161940 :       2788
    5630396824100 :       2768
    5630399491044 :       1080
    5630399496196 :       2788
