hourglass
t2-t1 : 3968
t4-t3 : 2024
diff tsc: 1336024508
diff usec: 1499937
init: tps = 890720415
secs      : 60
threshold : 10000
mode      : list (cnt: 1000)
Dummy result: 0 
   # loops  :            1000
   Min.     :           10024     (@loop #372)
   Avg.     :           60305.06
   Max.     :          246528     (@loop #865)
   32848376575864 :      69120
   32848393416112 :      91440
   32848393838192 :      35152
   32848393970832 :      20424
   32848394002776 :      14568
   32848410164272 :     140416
   32848412672776 :      12632
   32848420687792 :      24552
   32848427061960 :      77152
   32848443907656 :     206568
   32848444733328 :      15616
   32848447405104 :      25840
   32848448130160 :      14736
   32848460388152 :     206088
   32848460763600 :      13896
   32848460940736 :      38104
   32848463435240 :      15432
   32848471450392 :      12496
   32848474121992 :      27624
   32848477269160 :     171872
   32848479465416 :      11384
   32848479497160 :      14568
   32848494197280 :      96264
   32848495495792 :      11944
   32848500839224 :      26080
   32848503510888 :      10776
   32848511062256 :     208488
   32848511526096 :      15152
   32848527556192 :      26104
   32848528025384 :     122728
   32848529495280 :      45288
   32848529602928 :      38712
   32848530228080 :      13048
   32848535571472 :      16824
   32848544958104 :     101552
   32848554273376 :      19848
   32848561826808 :      82032
   32848578677696 :      95264
   32848580990464 :      22168
   32848595541088 :      88624
   32848595866896 :      42776
   32848597020808 :      10240
   32848607707600 :      24280
   32848612195712 :     129904
   32848613051040 :      11808
   32848628603008 :     217912
   32848629081296 :      16064
   32848634424696 :      27864
   32848645090072 :      98688
   32848647783280 :      11464
   32848661141704 :      24824
   32848661957064 :     157320
   32848662453856 :      46944
   32848663813496 :      13896
   32848678786776 :      81800
   32848687858864 :      17840
   32848695636032 :     103904
   32848712508128 :      76592
   32848714575968 :      21408
   32848728870216 :     154448
   32848729339656 :      45648
   32848730606288 :      15416
   32848741293048 :      29576
   32848742022056 :      14664
   32848745670992 :     177640
   32848746636472 :      14344
   32848762602488 :     192352
   32848768010128 :      29672
   32848768050760 :      14568
   32848770695464 :      10560
   32848779558616 :     162760
   32848781368760 :      13456
   32848794727160 :      19512
   32848796477232 :     102360
   32848796949592 :      45760
   32848797399040 :      11432
   32848813281496 :     103392
   32848821444336 :      18112
   32848829670016 :      75960
   32848846514840 :     126240
   32848848161512 :      30048
   32848863403312 :      98520
   32848863816544 :      43936
   32848864191752 :      11024
   32848874878544 :      16824
   32848880146448 :     112960
   32848896544136 :     149880
   32848898923936 :      15496
   32848901595672 :      26784
   32848913450720 :      79368
   32848928312712 :      16920
   32848930298104 :     107512
   32848930737088 :      44752
   32848930984528 :      11744
   32848947068008 :     158016
   32848949686400 :      14216
   32848955029760 :      23312
   32848963503272 :      77232
   32848980349216 :      75272
   32848981746992 :      20616
   32848997193024 :      95152
   32848997558112 :      44536
   32848997777328 :      10480
   32849008464032 :      17056
   32849013891160 :     101488
   32849016479088 :      11832
   32849030760368 :     174400
   32849032509472 :      14936
   32849035181216 :      27144
   32849035910456 :      14688
   32849037866568 :      12400
   32849047688248 :     198096
   32849048539664 :      19016
   32849051211328 :      14760
   32849061898184 :      25864
   32849064635928 :     203072
   32849065144336 :      35688
   32849067241640 :      13720
   32849077961344 :      14584
   32849081471112 :     171856
   32849083271960 :      13216
   32849088615328 :      24776
   32849098401648 :      79952
   32849115250248 :     108416
   32849131618608 :     107416
   32849132083888 :      43624
   32849134034352 :      10864
   32849142049448 :      17864
   32849148416456 :      87272
   32849165272176 :     163912
   32849166094960 :      15456
   32849168766656 :      26256
   32849182189264 :      84144
   32849195483648 :      17304
   32849199041752 :     118672
   32849199525304 :      43520
   32849200827096 :      12296
   32849215855000 :      82496
   32849222200816 :      18328
   32849232705616 :      75368
   32849248917848 :      16568
   32849249551976 :     100432
   32849266420672 :      86456
   32849266739952 :      42432
   32849267619864 :      10160
   32849275634896 :      28168
   32849278306648 :      10048
   32849283068568 :     180728
   32849283650200 :      13952
   32849299680384 :      16920
   32849300000864 :     202648
   32849302352040 :      40816
   32849316955408 :     225568
   32849318382432 :      16672
   32849329069160 :      30600
   32849330072832 :      14664
   32849333933920 :     204464
   32849334412648 :      13208
   32849335233040 :      37656
   32849335315160 :      29984
   32849337084264 :      17576
   32849350663616 :     189744
   32849353114536 :      19144
   32849355786256 :      26056
   32849361159832 :      14568
   32849367606504 :      92184
   32849369144904 :      10208
   32849382503392 :      25576
   32849384467416 :     182816
   32849385175200 :      13672
   32849401407288 :      88416
   32849401792440 :      45280
   32849403877016 :      11440
   32849409220456 :      20296
   32849418123712 :      80536
   32849434489160 :     194848
   32849435937664 :      33496
   32849451439912 :      77888
   32849462654680 :      16384
   32849468286496 :      98560
   32849468663848 :      43288
   32849470669896 :      11144
   32849484995856 :      73920
   32849489371824 :      22192
   32849501841312 :     149960
   32849502730464 :      11992
   32849516088856 :      20456
   32849518753624 :      91128
   32849535612472 :      88304
   32849535972504 :      44312
   32849537462544 :      10632
   32849542805984 :      17536
   32849552303000 :      91768
   32849569162448 :     180680
   32849569523120 :      33392
   32849586101792 :      96656
   32849588225040 :      11160
   32849596240080 :      21032
   32849602965392 :     162096
   32849603452688 :      46376
   32849604255328 :      18536
   32849617613784 :      14400
   32849619784664 :     215080
   32849620285632 :      16088
   32849622957320 :      28408
   32849623682656 :      14664
   32849636755096 :     152864
   32849638987512 :      10456
   32849649674232 :      19976
   32849653667504 :      58880
   32849670497256 :      77808
   32849670905808 :      36352
   32849671077112 :      14568
   32849676391424 :      17328
   32849687232952 :     112432
   32849689749952 :      10488
   32849703108512 :      27176
   32849704109432 :     166984
   32849705780296 :      15544
   32849721035568 :     109576
   32849721810536 :      13016
   32849729825592 :      22344
   32849737424328 :     128696
   32849737840808 :      11176
   32849737935176 :      47968
   32849754268576 :      95984
   32849756542648 :      21488
   32849771132936 :      75344
   32849783259880 :      16512
   32849787976840 :      74000
   32849804819744 :      97696
   32849805149168 :      43488
   32849807305128 :      10472
   32849809976960 :      16680
   32849821478664 :     147272
   32849823335488 :      14208
   32849836693960 :      27008
   32849838381240 :     136824
   32849839365816 :      13400
   32849855279560 :      83320
   32849863411120 :      17688
   32849871644472 :     120456
   32849872151872 :      43944
   32849874097912 :      12392
   32849888481968 :      81272
   32849890128240 :      22240
   32849905331648 :     165912
   32849906158552 :      17384
   32849916845272 :      33736
   32849917582432 :      14664
   32849922251472 :     202352
   32849924860360 :      16064
   32849935547264 :      11696
   32849939202944 :     215832
   32849939709472 :      35840
   32849940890728 :      12960
   32849943562320 :      26408
   32849943597136 :      14592
   32849946247736 :      10080
   32849956036408 :     162112
   32849956921008 :      12696
   32849970279488 :      29288
   32849972470144 :     151536
   32849972951256 :      12864
   32849989380824 :      92880
   32849991653168 :      11200
   32849996996576 :      20880
   32850006241480 :     113632
   32850006731560 :      45840
   32850007683472 :      10816
   32850023063272 :      76168
   32850023713800 :      21632
   32850039908256 :     117280
   32850042415640 :      12048
   32850050430824 :      22104
   32850056303736 :     118920
   32850073190272 :      87864
   32850073548744 :      44520
   32850074476168 :      10736
   32850077147912 :      17224
   32850089881808 :      88240
   32850090506520 :      10152
   32850103864904 :      23048
   32850106253752 :     158048
   32850106536768 :      15432
   32850123168912 :     115536
   32850130582016 :      17576
   32850138597176 :      10648
   32850140051480 :     117328
   32850141269000 :      12168
   32850141455224 :      47912
   32850141564712 :      38568
   32850143940632 :      13680
   32850156922408 :     106216
   32850157299352 :      25096
   32850173792064 :      82536
   32850184016256 :      17096
   32850190643536 :     145704
   32850192031464 :      13328
   32850207066472 :     223616
   32850207662240 :      47736
   32850208061760 :      20104
   32850210733384 :      31216
   32850211459312 :      14664
   32850223514880 :     176104
   32850224091904 :      24112
   32850237450448 :      25984
   32850240446048 :     157696
   32850242793848 :      11088
   32850248168104 :      14560
   32850257362776 :     134632
   32850258824136 :      13480
   32850264167504 :      23736
   32850274256888 :     102216
   32850274720200 :      46176
   32850274854520 :      10712
   32850290884664 :      17936
   32850291052232 :      86192
   32850293556408 :      10952
   32850307905448 :      98584
   32850309586648 :      10376
   32850317601744 :      18720
   32850324772480 :      75688
   32850341616960 :      98928
   32850341948856 :      43136
   32850344318928 :      21328
   32850358277896 :     134368
   32850360349112 :      16640
   32850371035928 :      26616
   32850375173168 :     198544
   32850376379344 :      12896
   32850392128112 :      87216
   32850397752944 :      18096
   32850408980848 :      94520
   32850409390720 :      44520
   32850411111544 :      11024
   32850424470040 :      18520
   32850425723744 :     105024
   32850442110296 :      73104
   32850451187232 :      17584
   32850458952280 :      75312
   32850475796568 :     151576
   32850476240880 :      47400
   32850477904264 :      32336
   32850492574408 :     224272
   32850493934624 :      16760
   32850504621400 :      32816
   32850505451392 :      14728
   32850507306824 :      10112
   32850509067728 :     174616
   32850509964848 :      12680
   32850525514704 :      57632
   32850531338504 :     119200
   32850542346336 :     124632
   32850542859984 :      45128
   32850544697008 :      11608
   32850558055544 :      18528
   32850559193568 :      95688
   32850576057232 :     125976
   32850576757688 :      14680
   32850584772704 :      22688
   32850592942064 :      85136
   32850609792312 :     100344
   32850610209216 :      43680
   32850611489888 :      22288
   32850626538808 :     204952
   32850627520120 :      17792
   32850638206904 :      27816
   32850643497920 :     165960
   32850646222152 :      11080
   32850660423544 :      77456
   32850664924080 :      17192
   32850672939088 :      10024
   32850677269664 :     112160
   32850677725480 :      44288
   32850678282680 :      11760
   32850691641056 :      21968
   32850694539584 :     125384
   32850696984488 :      12240
   32850711425936 :      77736
   32850718358192 :      17064
   32850728271632 :      81760
   32850745075224 :      16368
   32850745122272 :     104672
   32850745546840 :      44744
   32850747747016 :      10040
   32850762360896 :     145000
   32850763777352 :      18480
   32850771792312 :      27240
   32850779265736 :     183288
   32850779807624 :      19088
   32850796201424 :     204232
   32850798509544 :      41200
   32850799242280 :      14664
   32850813155936 :     216384
   32850813674856 :      37024
   32850814539776 :      15720
   32850825226552 :      22992
   32850829999896 :      92936
   32850846858208 :      59664
   32850851943640 :      13936
   32850863691568 :      87208
   32850878660680 :      12720
   32850880549072 :      68520
   32850880816408 :      33040
   32850881364440 :      14560
   32850897140288 :     171472
   32850897362808 :      18760
   32850905377840 :      28776
   32850914064552 :     127136
   32850916064712 :      11856
   32850930953768 :     113488
   32850932095064 :      22920
   32850947834808 :      95384
   32850948125384 :      10952
   32850949240800 :      47104
   32850949349256 :      38240
   32850958811992 :      17392
   32850964706776 :      78440
   32850981553816 :      79880
   32850985529216 :      17192
   32850991647232 :      15624
   32850998402688 :      93488
   32851004098272 :      86312
   32851012246264 :      27872
   32851012973192 :      14824
   32851015264448 :     187960
   32851015716272 :      36760
   32851017589624 :      17576
   32851032043904 :     177784
   32851033619968 :      16112
   32851038963264 :      25672
   32851048977264 :     161832
   32851049683040 :      14592
   32851065419392 :     114216
   32851065680576 :      28008
   32851081811600 :     206384
   32851082368448 :      48040
   32851084382408 :      17304
   32851092397544 :      26576
   32851093120704 :      14712
   32851098702008 :     196984
   32851100412752 :      18312
   32851105756088 :      11264
   32851115648968 :     198896
   32851116442976 :      16288
   32851119114640 :      24624
   32851132605936 :      67936
   32851145831624 :      13368
   32851149443920 :      69368
   32851149760944 :      34712
   32851161902552 :      14600
   32851166567688 :     174000
   32851167205520 :      15440
   32851172548840 :      26384
   32851183496816 :     115136
   32851185907368 :      10176
   32851199265912 :      16872
   32851200380080 :      79024
   32851207281032 :      10736
   32851217227360 :      97360
   32851217639712 :      44704
   32851217968000 :      12464
   32851225983032 :      26368
   32851233970384 :     176304
   32851236669848 :      12280
   32851250906888 :      78200
   32851252700240 :      21296
   32851267753840 :      75608
   32851279417240 :      16512
   32851282088920 :      10832
   32851284598112 :     130960
   32851284760696 :      11744
   32851285065552 :      49632
   32851301403096 :     205696
   32851303462704 :      17272
   32851306134408 :      27176
   32851317881352 :      79736
   32851332851392 :      25704
   32851333581296 :      14664
   32851334743576 :     156856
   32851335523184 :      16864
   32851351657728 :     206752
   32851352171784 :      36800
   32851354225040 :      14152
   32851359568504 :      26192
   32851362240216 :      10096
   32851368499640 :     196488
   32851370255328 :      14280
   32851385451744 :     151208
   32851386285720 :      30216
   32851402360304 :      59128
   32851413002680 :      12960
   32851419193336 :      94480
   32851419639952 :      35184
   32851423718928 :      14672
   32851435965776 :     173680
   32851437048232 :      15680
   32851439719888 :      25776
   32851452893416 :     121784
   32851453078560 :      12816
   32851466436824 :      19976
   32851469779896 :      92688
   32851471780304 :      10048
   32851486637144 :     116024
   32851487141208 :      44736
   32851487810656 :      11352
   32851493153968 :      17264
   32851502988280 :      77688
   32851519834400 :     100040
   32851536693728 :      83048
   32851546588208 :      16728
   32851553545496 :     133208
   32851553972592 :      44312
   32851554603392 :      12232
   32851570789072 :     140256
   32851573305304 :      34128
   32851587687088 :      88512
   32851589335616 :      11008
   32851600022384 :      18168
   32851604543096 :     117880
   32851605365816 :      10712
   32851621428688 :      88104
   32851621797016 :      44088
   32851624067776 :      10504
   32851626739552 :      19144
   32851638613400 :      74856
   32851653456656 :      28048
   32851654192712 :      14664
   32851655470800 :     157264
   32851656128376 :      17048
   32851672382616 :     235472
   32851674830168 :      19184
   32851680173664 :      29192
   32851689367528 :     209456
   32851690860560 :      19280
   32851691028608 :      40992
   32851691110472 :      30240
   32851693532240 :      10920
   32851706459040 :     156760
   32851706890816 :      51104
   32851723371272 :     118344
   32851725592792 :      12072
   32851733607792 :      18584
   32851740253464 :     116000
   32851741623008 :      15216
   32851757136840 :      97032
   32851757522312 :      45296
   32851757653344 :      10728
   32851760325040 :      18456
   32851773853416 :     132232
   32851776355232 :      13416
   32851787041992 :      21224
   32851790745712 :     108792
   32851792385480 :      10160
   32851807622192 :      74176
   32851813759072 :      16704
   32851824465352 :      87944
   32851824812728 :      42304
   32851827117664 :      10792
   32851840476264 :      23080
   32851841624592 :     161248
   32851843148000 :      14640
   32851858542704 :     116808
   32851859178360 :      10416
   32851867193232 :      17512
   32851875427472 :     127456
   32851877880120 :      12008
   32851892315912 :     104088
   32851892746424 :      45416
   32851893910512 :      28688
   32851901707680 :      57320
   32851909563776 :     103936
   32851909940800 :      10296
   32851920627560 :      18248
   32851926435696 :     100408
   32851928642672 :      10280
   32851943304048 :     116464
   32851944672952 :      16536
   32851947344656 :      30072
   32851948080112 :      14712
   32851960182456 :     229512
   32851960703312 :      14880
   32851960742888 :      39896
   32851974061728 :      37800
   32851976733464 :      13216
   32851977072912 :     242808
   32851979405112 :      19848
   32851994066376 :     113664
   32851995435344 :      10800
   32852000778768 :      23848
   32852000814088 :      14672
   32852010944424 :      92576
   32852027495840 :      16776
   32852027804032 :      96896
   32852028249656 :      46680
   32852030167648 :      11552
   32852044582440 :     104528
   32852046197904 :      10024
   32852054213000 :      18440
   32852061454776 :      79504
   32852066409104 :      54832
   32852078386472 :      73672
   32852080930152 :      21224
   32852094745592 :     148208
   32852095177504 :      44680
   32852096960392 :      16200
   32852107647216 :      28648
   32852111510776 :     178888
   32852112990696 :      12040
   32852128450368 :      86568
   32852134364264 :      17528
   32852145304920 :      76608
   32852161081344 :      16856
   32852162149960 :     107440
   32852162564712 :      44432
   32852163753096 :      11368
   32852178894992 :      74576
   32852185126840 :      15960
   32852187798472 :      30648
   32852188531248 :      14792
   32852190484000 :      14592
   32852195738440 :     181592
   32852212680056 :     102432
   32852214515544 :      29192
   32852229546096 :     176648
   32852230030976 :      35056
   32852230545952 :      15768
   32852230587664 :      14568
   32852241232768 :      28104
   32852241958656 :      14736
   32852246356904 :     185888
   32852246576216 :      17680
   32852263296776 :     187368
   32852265278056 :      20704
   32852267949784 :      32688
   32852280235520 :     178272
   32852281308312 :      10136
   32852289323360 :      10120
   32852294666824 :      19032
   32852297171488 :      98040
   32852297397080 :      14600
   32852297720048 :      48496
   32852314056152 :     138208
   32852316040528 :      14568
   32852321384008 :      25256
   32852330954680 :      80080
   32852347803216 :      79792
   32852348101152 :      20016
   32852364652024 :     170376
   32852365161560 :      45256
   32852366803048 :      16048
   32852374818208 :      24256
   32852381495400 :     127256
   32852382833384 :      10912
   32852398385504 :      75888
   32852401535320 :      16648
   32852415230240 :     113344
   32852417565592 :      13568
   32852428252384 :      19816
   32852432111176 :     137480
   32852432539960 :      43896
   32852433595792 :      11536
   32852448872552 :      75392
   32852454969432 :      17936
   32852465717000 :      81704
   32852481686456 :      16368
   32852482567272 :      92856
   32852484358280 :      10024
   32852498944864 :     152024
   32852500388568 :      16336
   32852500946408 :      52432
   32852501057216 :      40192
   32852503060472 :      11416
   32852508403648 :      25880
   32852515446408 :     125328
   32852516418920 :      10688
   32852532334552 :     175680
   32852535120688 :      29824
   32852535864864 :      14704
   32852549268576 :     227216
   32852551150944 :      15464
   32852561837888 :      29976
   32852564509528 :      14312
   32852566244472 :     206736
   32852566741288 :      36840
   32852567181360 :      14064
   32852583066320 :      68744
   32852588554920 :      16896
   32852599905512 :      83408
   32852607287664 :      14568
   32852615272056 :      17800
   32852616759328 :      91920
   32852633618640 :     214056
   32852633974112 :      18440
   32852634283000 :      51552
   32852636645792 :      12592
   32852641989104 :      29944
   32852650138536 :     155352
   32852652675912 :      12864
   32852667049952 :     115736
   32852668706248 :      23272
   32852683931696 :      75968
   32852695423256 :      16344
   32852700776440 :      87600
   32852701138320 :      44016
   32852717954656 :      85904
   32852722140440 :      17696
   32852734809040 :      90992
   32852748857496 :      19536
   32852751668392 :     107704
   32852754200912 :      12104
   32852768539304 :     167872
   32852769566760 :      50152
   32852770231280 :      17312
   32852775574568 :      26152
   32852785420496 :     127256
   32852786261608 :      10920
   32852801831544 :      78696
   32852802291856 :      20688
   32852810306840 :      10096
   32852818678936 :     108856
   32852820993760 :      11792
   32852829008768 :      29384
   32852829746288 :      14728
   32852831694304 :      10624
   32852835553288 :     194976
   32852836029152 :      37552
   32852837023976 :      14688
   32852852357128 :     215032
   32852853054328 :      17128
   32852855725816 :      24824
   32852869326128 :      74272
   32852871786304 :      14584
   32852882443048 :      16640
   32852886168680 :      74088
   32852903011808 :     186728
   32852903524328 :      46800
   32852903816688 :      15336
   32852909160104 :      26016
   32852919857136 :     103624
   32852935877224 :      16784
   32852936728800 :      77864
   32852938548936 :      10160
   32852953574848 :      74944
   32852962594344 :      23272
   32852970418688 :     164168
   32852970609504 :      13128
   32852970897968 :      45992
   32852987229672 :      80528
   32852989311392 :      23792
   32853004078448 :      74344
   32853016028456 :      16472
   32853020921352 :      74080
   32853037764176 :     202728
   32853038305952 :      45736
   32853040073960 :      16024
   32853042745544 :      24600
   32853054640208 :      78144
   32853069462688 :      20528
   32853071486952 :     125136
   32853072134480 :      14056
   32853088371832 :      85104
   32853096179752 :      22168
   32853104742416 :     103472
   32853105177888 :      44128
   32853106866672 :      13464
   32853121510888 :     177544
   32853122896952 :      40288
   32853123631080 :      14688
   32853138441112 :     196032
   32853138927184 :      19480
   32853144270448 :      14472
   32853149613888 :      27680
   32853152319288 :      14584
   32853155387312 :     242280
   32853157629160 :      15512
   32853172377464 :     111952
   32853172805256 :      46544
   32853173659384 :      14600
   32853176331080 :      29720
   32853179002784 :      12552
   32853189140120 :     177800
   32853189689648 :      16296
   32853203048064 :      33544
   32853205586888 :      84504
   32853205719944 :      10888
   32853222439712 :     126272
   32853224421848 :      11320
   32853225648168 :     101264
   32853229765312 :      19424
   32853239332656 :     108800
   32853239751544 :      44744
   32853240452160 :      10984
   32853256084792 :      79432
   32853256482456 :      21176
   32853272933184 :      80816
   32853283199440 :      16688
   32853283924272 :      14664
   32853289782816 :     119936
   32853299561320 :     147016
   32853301901352 :      12248
   32853306665992 :     202592
   32853307244928 :      11840
   32853307321664 :      38720
   32853308079096 :      30328
   32853309916600 :      26824
   32853323430496 :      80928
   32853336633592 :      13568
   32853339797968 :      65552
   32853356637328 :      79400
   32853363350736 :      13392
   32853373486936 :      68224
   32853373736096 :      33160
   32853374068416 :      14584
   32853390067800 :      17616
   32853390543680 :      81320
   32853392739536 :      10296
   32853407393552 :     234808
   32853408769832 :      19976
   32853416784952 :      31008
   32853417513208 :      14664
   32853424382424 :     175240
   32853424800128 :      13096
   32853435486840 :      12920
   32853441316208 :     215672
   32853441921280 :      38984
   32853443502040 :      39896
   32853446173784 :      10576
   32853458248264 :     137560
   32853470219096 :      18344
   32853470243328 :      14592
   32853475149056 :     145288
   32853475562680 :      16632
   32853492056768 :      77272
   32853496936312 :      19360
   32853508418944 :     155048
   32853508908136 :      45672
   32853510294800 :      14176
   32853523653360 :      22800
   32853525239552 :      91496
   32853542098680 :      93960
   32853550370352 :      17912
   32853558961136 :      74176
   32853575320608 :     202736
   32853575860664 :      46880
   32853577087528 :      37752
   32853592193352 :     104360
   32853603804624 :      17336
   32853609065568 :     128864
   32853611819744 :      11856
   32853625958120 :     100880
   32853627488936 :      15752
   32853627850016 :      10192
   32853630521848 :      22488
   32853642825368 :     104344
   32853643246400 :      44368
   32853643880336 :      11144
   32853657238736 :      17592
   32853660063120 :      97424
   32853662582200 :      10024
   32853676928712 :      74080
   32853683955912 :      16544
   32853693771744 :     142896
   32853694642752 :      14696
   32853710673024 :     246528
   32853711272976 :      47656
   32853711412176 :      14664
   32853713358416 :      14784
   32853727606224 :     220240
   32853729374904 :      16032
   32853737390088 :      29264
   32853744576880 :     167504
   32853745405248 :      13160
   32853753459152 :      14600
   32853761500104 :     159976
   32853764107128 :      35040
   32853777931576 :     121808
   32853778459416 :      45480
   32853780137480 :      11968
   32853790824256 :      18152
   32853794790696 :      81584
   32853811638344 :      73704
   32853817541376 :      16728
   32853828481048 :     124840
   32853830899880 :      13160
   32853844258464 :      29568
   32853845366784 :     205424
   32853845938872 :      45064
   32853846930208 :      15936
   32853861786528 :      88352
   32853870975496 :      19208
   32853878642752 :      80112
   32853878990872 :      14088
   32853895491704 :      84264
   32853897692672 :      22032
   32853912344520 :      99456
   32853912725120 :      43640
   32853913722960 :      10264
   32853924409736 :      17096
   32853929538160 :      79248
   32853946386008 :     118352
   32853948455096 :      12504
   32853951126840 :      19352
   32853963265888 :     166152
   32853964485384 :      14632
   32853977843944 :      27432
   32853980194408 :     191880
   32853980515792 :      15688
   32853980749096 :      48200
   32853983187416 :      11312
   32853997082912 :     151736
   32853999217704 :      16784
   32854004561088 :      30208
   32854006736232 :      61224
   32854007232704 :      14632
   32854013993584 :     189936
   32854015247976 :      15448
   32854030457304 :     223720
   32854031278248 :      41848
   32854032012640 :      14848
   32854046950504 :     233688
   32854047308528 :      18976
   32854048297736 :      39056
   32854048380560 :      30520
   32854049980376 :      10320
   32854057995144 :      29616
   32854063729584 :     191792
   32854066010408 :      16696
   32854080674792 :     150960
   32854084712336 :      23832
   32854097584448 :      99072
   32854100779808 :      14744
   32854111429472 :      25048
   32854114453264 :     190848
   32854114989064 :      47224
   32854116772848 :      14800
   32854124788064 :      19600
   32854131322280 :      86576
   32854138146480 :      17536
   32854148177424 :     104008
   32854164863688 :      20160
   32854165049728 :     126656
   32854167535360 :      11552
   32854181936680 :      95176
   32854182337760 :      45224
   32854183565656 :      10400
   32854191580736 :      17816
   32854198671600 :      80568
   32854215520408 :      98328
   32854215626304 :      10752
   32854218297840 :      17616
   32854232387456 :      75816
   32854234328144 :      11656
   32854245014952 :      22672
   32854249232192 :     172368
   32854249698704 :      45304
   32854250358456 :      14144
   32854266029896 :     141112
   32854266388712 :      14520
   32854271731952 :      24976
   32854282447480 :     111104
   32854285090576 :      10064
   32854298449168 :      17376
   32854299326536 :      75296
   32854316170768 :      95296
   32854316548032 :      44192
   32854317151128 :      12288
   32854325166232 :      21448
   32854325886704 :      14704
   32854327851656 :      10944
   32854332878392 :     170936
   32854333181360 :      16488
   32854349318392 :     236696
   32854351883296 :      41880
   32854354555016 :      10888
   32854365824536 :     148568
   32854367913584 :      14888
   32854378600392 :      24440
   32854378681160 :      14664
   32854382247072 :     202920
   32854382801208 :      45856
   32854383943936 :      14832
   32854399136000 :     101544
   32854405317496 :      20768
   32854413332568 :      10248
   32854416004256 :     108712
   32854418676024 :      10080
   32854432034528 :      17680
   32854432879376 :      75208
   32854434706424 :      10088
   32854449723528 :      98920
   32854450083096 :      43248
   32854450736696 :      11008
   32854458751680 :      17560
   32854466414912 :      94024
   32854483277080 :     118832
   32854485468824 :      28392
   32854500157800 :     103288
   32854501499072 :      15968
