hourglass
t2-t1 : 3656
t4-t3 : 1728
diff tsc: 1336027164
diff usec: 500064
init: tps = 2671712348
secs      : 60
threshold : 1000
mode      : list (cnt: 1000)
Dummy result: 0 
   # loops  :            1000
   Min.     :            4312     (@loop #495)
   Avg.     :            9599.95
   Max.     :          217344     (@loop #508)
   32685801732872 :       8088
   32685804404592 :       6224
   32685807076312 :       6968
   32685809747944 :       6248
   32685812419632 :       6208
   32685815091480 :       6136
   32685817763104 :       6192
   32685820434800 :      18432
   32685823106488 :       7296
   32685825778192 :       6408
   32685828449944 :       6912
   32685831121632 :       6392
   32685833793336 :       6632
   32685836465056 :       6272
   32685839136784 :       6280
   32685841808528 :       6256
   32685844480232 :       6504
   32685847151960 :      22768
   32685847893064 :      14752
   32685849837328 :       9544
   32685852495272 :       6416
   32685855166992 :       4976
   32685857838728 :       4632
   32685860510504 :       4872
   32685863182112 :       4480
   32685865853856 :       4608
   32685868525544 :       4552
   32685871197224 :       4640
   32685873869024 :      17800
   32685876540720 :       6456
   32685879212384 :       4648
   32685881884072 :       4496
   32685884555816 :       5208
   32685887227536 :       4808
   32685889899288 :       4600
   32685892570856 :       4664
   32685892653456 :      37736
   32685895256288 :       6808
   32685897914312 :       5936
   32685900586048 :      16088
   32685903257800 :       7480
   32685905929552 :       6200
   32685908601200 :       6120
   32685911272944 :       6040
   32685913944608 :       6224
   32685916616424 :       6824
   32685919288032 :       6808
   32685921959784 :       8736
   32685924631584 :      13776
   32685927303184 :      21464
   32685929974960 :       8776
   32685932646592 :       6304
   32685935318320 :       6896
   32685937990096 :       6392
   32685940661792 :       6176
   32685943333456 :       6208
   32685946005208 :       5944
   32685948676880 :       6400
   32685951348608 :       6744
   32685954020264 :      18344
   32685956692000 :       8080
   32685959363720 :       6176
   32685962035432 :       6056
   32685964707200 :       5952
   32685967378872 :       6184
   32685970050496 :       6032
   32685972722248 :       6136
   32685975393984 :       6400
   32685978065640 :       6224
   32685980737416 :      14088
   32685983409144 :       6856
   32685986080816 :       5824
   32685988752544 :       6256
   32685991424248 :       5968
   32685994095928 :       5856
   32685996767584 :       6176
   32685999439352 :       6120
   32686002111096 :       5848
   32686004782752 :       6480
   32686007454560 :      13568
   32686010126288 :       7936
   32686012797944 :       5992
   32686015469608 :       6024
   32686018141344 :       6024
   32686020813096 :       5936
   32686023484712 :       6392
   32686026156456 :       5992
   32686028828160 :       5960
   32686031499832 :       5896
   32686034171528 :      13888
   32686036843336 :       7304
   32686039514976 :       6104
   32686042186696 :       5904
   32686044858408 :       6120
   32686047530120 :       6464
   32686050201808 :       6888
   32686052873616 :       7872
   32686055545272 :      11208
   32686058216968 :       9840
   32686060888792 :      26640
   32686063560480 :       9728
   32686066232088 :       6272
   32686068903800 :       5976
   32686071575584 :       5984
   32686074247256 :       6448
   32686076918864 :       6264
   32686079590680 :       6168
   32686082262440 :       6544
   32686084934064 :       6248
   32686087605752 :      14176
   32686090277408 :       8224
   32686092949216 :       6216
   32686095620920 :       6008
   32686098292640 :       5984
   32686100964336 :       5904
   32686103636048 :       6056
   32686106307736 :       5992
   32686108979480 :       6264
   32686111651232 :       6120
   32686114322968 :      14040
   32686116994648 :       7400
   32686119666384 :       6136
   32686122338112 :       6832
   32686125009760 :       6360
   32686127681464 :       6248
   32686130353152 :       6688
   32686133024904 :       7752
   32686135696544 :       6408
   32686138368256 :       6336
   32686141039976 :      20760
   32686141769096 :      14736
   32686143725504 :      10848
   32686146383392 :       4752
   32686149055040 :       4696
   32686151726792 :       4392
   32686154398560 :       5576
   32686157070184 :       5704
   32686159741912 :      10872
   32686162413600 :       6800
   32686165085368 :       5344
   32686167757080 :      21384
   32686170428712 :       6136
   32686173100440 :       4616
   32686175772168 :       4488
   32686178443904 :       4432
   32686181115616 :       4896
   32686181148528 :      14728
   32686183800984 :       6944
   32686186458992 :       8048
   32686189130832 :      11696
   32686191802432 :       8272
   32686194474144 :      19880
   32686197145952 :       7760
   32686199817624 :       7192
   32686202489272 :       6520
   32686205161008 :       6144
   32686207832768 :       6136
   32686210504352 :       6056
   32686213176136 :       6224
   32686215847936 :       6224
   32686218519608 :       6192
   32686221191216 :      19808
   32686223863000 :       7232
   32686226534752 :       6456
   32686229206384 :       6048
   32686231878152 :       5920
   32686234549744 :       6336
   32686237221528 :       6240
   32686239893208 :       6192
   32686242565000 :       6248
   32686245236696 :      17288
   32686247908448 :      20856
   32686250580056 :       8096
   32686253251776 :      11424
   32686255923528 :       7080
   32686258595232 :       6816
   32686261266944 :       6120
   32686263938656 :       7216
   32686266610368 :       5920
   32686269282056 :       6264
   32686271953808 :       6016
   32686274625480 :      19440
   32686277297192 :      10504
   32686279968976 :       6016
   32686282640536 :       6000
   32686285312424 :       5944
   32686287984080 :       6296
   32686290655640 :       6032
   32686293327520 :       5984
   32686295999216 :       6440
   32686298670824 :       6208
   32686301342608 :      15696
   32686304014352 :       7088
   32686306685984 :       6056
   32686309357760 :       6016
   32686312029496 :       6000
   32686314701032 :       6304
   32686317372824 :       6336
   32686320044592 :       6032
   32686322716256 :       6216
   32686325387904 :       6776
   32686328059656 :      22536
   32686328793064 :      14664
   32686330745168 :      12040
   32686333403000 :       5632
   32686336074720 :       5016
   32686338746520 :       4552
   32686341418184 :       5248
   32686344089840 :       4688
   32686346761648 :       4600
   32686349433360 :       4624
   32686352105024 :       4400
   32686354776800 :      13384
   32686354799776 :      14584
   32686357462160 :       7328
   32686360120240 :       5992
   32686362791944 :       6032
   32686365463696 :       5952
   32686368135360 :       6176
   32686370806984 :       6032
   32686373478672 :       6168
   32686376150416 :       6184
   32686378822200 :       6576
   32686381493848 :      13696
   32686384165504 :       9600
   32686386837312 :       6080
   32686389508944 :       6256
   32686392180744 :       5944
   32686394852400 :       5920
   32686397524112 :       6176
   32686400195928 :       6184
   32686402867592 :       6056
   32686405539264 :       6896
   32686408210968 :      15536
   32686410882672 :       9304
   32686413554392 :       6368
   32686416226144 :       7152
   32686418897872 :       6272
   32686421569520 :       6288
   32686424241256 :       6720
   32686426913000 :       7072
   32686429584632 :       6552
   32686432256408 :       5976
   32686434928104 :      21088
   32686435657208 :      14688
   32686437613464 :       8768
   32686440271528 :       4704
   32686442943208 :       4592
   32686445614912 :       4624
   32686448286504 :       5408
   32686450958240 :       5872
   32686453629984 :       7960
   32686456301688 :       9240
   32686458973384 :       5912
   32686461645184 :      18072
   32686464316920 :       6760
   32686464349648 :      14584
   32686467002208 :       7336
   32686469660248 :       7064
   32686472331944 :       7808
   32686475003696 :       7048
   32686477675464 :       6744
   32686480347080 :       6136
   32686483018840 :       7144
   32686485690512 :       6272
   32686488362240 :      20608
   32686491033960 :       8280
   32686493705688 :       7744
   32686496377384 :       6264
   32686499049096 :       5848
   32686501720840 :       6112
   32686504392592 :       5912
   32686507064248 :       6160
   32686509735976 :       6064
   32686512407640 :       6552
   32686515079264 :      19416
   32686517751136 :       8032
   32686520422800 :       6160
   32686523094512 :       6224
   32686525766176 :       5960
   32686528437952 :       6296
   32686531109608 :       6216
   32686533781320 :       6160
   32686536453016 :       7584
   32686539124728 :      15576
   32686541796392 :      24056
   32686542530848 :      14768
   32686544482000 :      11504
   32686547139904 :       5560
   32686549811552 :       4520
   32686552483320 :       4464
   32686555155024 :       4784
   32686557826736 :       4632
   32686560498344 :       4472
   32686563170064 :       4408
   32686565841856 :       4784
   32686568513544 :      13080
   32686571185256 :       6024
   32686573856888 :       4656
   32686576528656 :       4528
   32686579200432 :       4512
   32686581872056 :       4688
   32686584543784 :       6352
   32686584577592 :      14600
   32686587229160 :       6456
   32686589887240 :       7832
   32686592558952 :      11408
   32686595230640 :      20120
   32686597902336 :       8264
   32686600574072 :       6368
   32686603245736 :       7336
   32686605917424 :       5920
   32686608589264 :       6528
   32686611260872 :       6064
   32686613932616 :       6288
   32686616604352 :       6128
   32686619276096 :       6056
   32686621947776 :      18688
   32686624619512 :      10160
   32686627291160 :       6680
   32686629962832 :       6040
   32686632634672 :       5912
   32686635306304 :       5952
   32686637977992 :       6368
   32686640649720 :       5960
   32686643321400 :      11080
   32686645993104 :       6144
   32686648664872 :      14112
   32686651336640 :       7152
   32686654008232 :       6096
   32686656679960 :       6000
   32686659351696 :       6120
   32686662023440 :       6136
   32686664695112 :       6024
   32686667366856 :       5952
   32686670038560 :       5936
   32686672710200 :       6376
   32686675381976 :      14704
   32686678053712 :       7152
   32686680725408 :       5992
   32686683397104 :       6000
   32686686068816 :       5984
   32686688740512 :       5872
   32686691412176 :       6352
   32686694083872 :       5912
   32686696755592 :       5936
   32686699427416 :       6112
   32686702098960 :      14136
   32686704770760 :       7176
   32686707442544 :       7808
   32686710114144 :       6656
   32686712785856 :       7104
   32686715457672 :       6768
   32686718129272 :       6400
   32686720801040 :       6424
   32686723472664 :       8016
   32686726144480 :       6384
   32686728816120 :      21432
   32686729549552 :      14712
   32686731501448 :       9296
   32686734159472 :       4776
   32686736831248 :       4952
   32686739502968 :       6104
   32686742174632 :       5392
   32686744846328 :       4840
   32686747518080 :       4560
   32686750189752 :       4536
   32686752861544 :       4504
   32686755533160 :      16344
   32686758204976 :       6760
   32686760876640 :       5280
   32686760908872 :      14568
   32686763562000 :       6200
   32686766220144 :       6072
   32686768891728 :       6256
   32686771563600 :       6400
   32686774235264 :       5936
   32686776906944 :       6152
   32686779578672 :       7072
   32686782250304 :      20560
   32686784922112 :      11208
   32686787593672 :      11472
   32686790265432 :       6416
   32686792937224 :       6920
   32686795608936 :       7104
   32686798280664 :       5856
   32686800952368 :       6944
   32686803623944 :       5792
   32686806295728 :       6096
   32686808967464 :      16168
   32686811639200 :       9040
   32686814310864 :       6192
   32686816982536 :       6336
   32686819654264 :       6160
   32686822326032 :       6288
   32686824997664 :       5896
   32686827669424 :       6248
   32686830341120 :       6232
   32686833012880 :       5832
   32686835684520 :      18992
   32686838356192 :       8176
   32686841027992 :       5992
   32686843699648 :       6224
   32686846371472 :       6240
   32686849043104 :       6408
   32686851714808 :       6840
   32686851814904 :      25520
   32686854386504 :      10992
   32686854587392 :      54880
   32686857058256 :      16800
   32686859730008 :       7312
   32686862401664 :      23648
   32686865073336 :       7640
   32686867745144 :       7312
   32686870416720 :       5856
   32686873088392 :       7152
   32686875760176 :       6000
   32686878431856 :       6160
   32686881103600 :       6176
   32686883775368 :       6240
   32686886447048 :       6120
   32686889118712 :      18600
   32686891790504 :       7928
   32686894462224 :       6152
   32686897133808 :       6216
   32686899805656 :       6112
   32686902477304 :       6264
   32686905149008 :       6088
   32686907820624 :       5784
   32686908255456 :      20224
   32686909349368 :      14240
   32686910443760 :      12144
   32686910492384 :       6920
   32686911538024 :      12680
   32686912632368 :      13552
   32686913164104 :       7736
   32686913726768 :      12520
   32686914820992 :      12592
   32686915835856 :      18744
   32686915915384 :      13496
   32686917009776 :      12560
   32686918104024 :      12776
   32686918507504 :       9128
   32686919198416 :      12808
   32686920292792 :      12672
   32686921179288 :       7560
   32686921387056 :     109904
   32686922483144 :      48336
   32686923575792 :      84640
   32686923850904 :      19608
   32686924670080 :      45032
   32686925764472 :      40120
   32686926522792 :      17888
   32686926858816 :      44824
   32686927953128 :      12480
   32686929047480 :      11768
   32686929194728 :      17504
   32686930913752 :      12264
   32686931866032 :       8400
   32686932007648 :      11976
   32686933102048 :      22592
   32686934196296 :      46112
   32686934537808 :      11312
   32686935290680 :      10800
   32686937209464 :       7552
   32686939881192 :       6880
   32686942552888 :      27224
   32686945224608 :       9616
   32686945951520 :      14696
   32686947910016 :       5352
   32686948209416 :      11056
   32686949303672 :      13728
   32686950398056 :      25680
   32686950568000 :       9176
   32686953239664 :       5360
   32686955911408 :       4768
   32686958583160 :       5208
   32686961254792 :       4840
   32686963926536 :       4536
   32686966598328 :       4488
   32686969269928 :      13392
   32686971941672 :       5384
   32686974613336 :       4608
   32686977285056 :       4392
   32686979529464 :      12216
   32686979956856 :       5400
   32686980623760 :      12552
   32686982628600 :       5048
   32686985300208 :       5288
   32686987972016 :       6504
   32686990643624 :       9880
   32686993315392 :       6472
   32686995987112 :      17912
   32686998658752 :       7200
   32687001330488 :       5448
   32687004002296 :       4312
   32687006673864 :       4736
   32687009345608 :       5272
   32687012017360 :       5680
   32687014689080 :       4968
   32687017360784 :       6048
   32687020032456 :       5000
   32687022704184 :      18376
   32687025375944 :      12896
   32687028047720 :       4984
   32687030719328 :       4512
   32687033391008 :       5536
   32687036062656 :       5576
   32687037064784 :     217344
   32687038158696 :      11912
   32687038734416 :      17528
   32687041406208 :       6416
   32687044077880 :       7328
   32687046749624 :       5784
   32687049421368 :      21472
   32687051794632 :     158832
   32687052092960 :      12416
   32687052888504 :      10504
   32687054764672 :       5960
   32687057183688 :      12832
   32687057436440 :       5560
   32687058278096 :      74672
   32687059372480 :      10456
   32687060108112 :       7920
   32687060466792 :      12016
   32687061561128 :      71552
   32687062655504 :      10248
   32687062779872 :       7488
   32687065451536 :       4960
   32687068123256 :       4592
   32687070794944 :       4808
   32687073466600 :       4696
   32687076138440 :      16304
   32687078810096 :       6072
   32687079010624 :      13376
   32687080104680 :      80152
   32687081199096 :      10640
   32687081481824 :       9152
   32687082293408 :      12144
   32687083387736 :      69400
   32687084153480 :       7312
   32687084482104 :      10320
   32687085576448 :      20224
   32687086670736 :      13456
   32687086825232 :       5304
   32687087765136 :     194696
   32687089496880 :       7696
   32687092168640 :       4920
   32687094840400 :       4496
   32687097512016 :       4632
   32687100183760 :       4656
   32687102855528 :      14328
   32687105527176 :       5400
   32687108198872 :       4568
   32687110870552 :       4464
   32687113542264 :       4664
   32687116214024 :       4664
   32687118885712 :       4784
   32687118999056 :     147808
   32687120091984 :      14184
   32687121186248 :      13496
   32687121557392 :      19136
   32687122280688 :      35800
   32687124229328 :      19576
   32687126900832 :       6024
   32687129572616 :      20952
   32687132244256 :       6424
   32687134247240 :      11512
   32687134916272 :       5736
   32687135341512 :      12112
   32687136436000 :      11288
   32687137530208 :       9528
   32687137587768 :       6088
   32687140259424 :       5416
   32687142931088 :       6720
   32687145602816 :       4384
   32687148274560 :       5072
   32687150946256 :       5104
   32687153617936 :       4808
   32687156289648 :      18416
   32687158961312 :       6824
   32687161633032 :       4640
   32687164304800 :       4552
   32687166976464 :       4464
   32687169648176 :       4632
   32687172319848 :       4592
   32687174991688 :       4456
   32687177663376 :       4512
   32687180335048 :       4904
   32687183006792 :      10816
   32687185678544 :       5560
   32687188350200 :       4432
   32687191021880 :       4552
   32687193693680 :       4472
   32687196365264 :       4480
   32687199037032 :       4840
   32687201708680 :       4616
   32687204380432 :       4528
   32687207052208 :       4440
   32687209723880 :      10832
   32687212395576 :       5440
   32687215067344 :       4624
   32687217738944 :       4544
   32687220410736 :       4496
   32687223082488 :       4736
   32687223110320 :      14592
   32687225767800 :       6296
   32687228425840 :       6088
   32687231097544 :       6080
   32687233769336 :       6160
   32687236440936 :      14456
   32687239112784 :      39768
   32687241784392 :       9296
   32687241837744 :      13632
   32687244456168 :       6920
   32687247127888 :       6072
   32687249799504 :       6960
   32687252471296 :       8112
   32687255142944 :       8848
   32687257814616 :      12936
   32687260486424 :       8512
   32687263158112 :      25888
   32687265829784 :       8224
   32687268501464 :       7096
   32687271173184 :       5952
   32687273844944 :       6208
   32687276516632 :       6240
   32687279188296 :       6480
   32687281860112 :       6296
   32687284531752 :       6064
   32687287203528 :       6184
   32687289875152 :      15176
   32687292546920 :       7536
   32687295218584 :       6328
   32687297890400 :       6544
   32687300562056 :       6064
   32687303233728 :       5952
   32687305905512 :       6016
   32687308577072 :       5952
   32687311248832 :       6128
   32687313920616 :       7272
   32687316592288 :      21280
   32687317321720 :      14728
   32687319277720 :       8664
   32687321935704 :      13792
   32687324607360 :       4984
   32687327279080 :       5320
   32687329950912 :       4816
   32687332622512 :       5536
   32687335294320 :       6016
   32687337965912 :       5512
   32687340637720 :       4840
   32687343309360 :      24128
   32687345981112 :       8448
   32687348652752 :       4984
   32687351324528 :       4504
   32687353996176 :       6632
   32687356667976 :       5072
   32687359339648 :       7168
   32687362011312 :      11680
   32687364683072 :       6504
   32687367354792 :       5088
   32687370026520 :      19336
   32687370065184 :      14728
   32687372711832 :       9536
   32687375369944 :       5952
   32687378041624 :       6064
   32687380713280 :       6840
   32687383384984 :       6072
   32687386056792 :       6216
   32687388728504 :       6568
   32687391400128 :       7808
   32687394071832 :       6936
   32687396743504 :      20832
   32687399415256 :       9080
   32687402086984 :       7168
   32687404758696 :       6072
   32687407430424 :       6880
   32687410102200 :       6008
   32687412773744 :       5976
   32687415445592 :       6136
   32687418117328 :       6192
   32687420789024 :       6304
   32687423460680 :      18640
   32687426132432 :       7144
   32687428804096 :       6464
   32687431475824 :       6216
   32687434147536 :       6120
   32687436819184 :       5952
   32687439490952 :       6032
   32687442162656 :       6088
   32687444834368 :       6032
   32687447506128 :       6432
   32687450177824 :      15352
   32687452849488 :       7984
   32687455521192 :       6160
   32687458192976 :       6400
   32687460864544 :       5968
   32687463536336 :       6000
   32687466208080 :       6656
   32687468879672 :       6368
   32687471551480 :       5928
   32687474223112 :       5952
   32687476894832 :      17016
   32687479566592 :       7592
   32687482238264 :       6168
   32687484910008 :       6024
   32687487581744 :       6248
   32687490253472 :       6080
   32687492925096 :       5896
   32687495596872 :       6032
   32687498268616 :       6088
   32687500940272 :       6256
   32687503612024 :      13896
   32687506283616 :       7264
   32687508955368 :       6032
   32687511627032 :       6008
   32687514298864 :       6200
   32687516970480 :       6080
   32687519642304 :       7144
   32687522314016 :       8024
   32687524985664 :      12136
   32687527657264 :       8112
   32687530329056 :      19504
   32687533000880 :       8456
   32687535672528 :       8080
   32687538344240 :       5872
   32687541015920 :       5920
   32687543687664 :       6544
   32687546359288 :       6152
   32687549031064 :       5920
   32687551702792 :       6432
   32687554374392 :       6008
   32687557046216 :      31408
   32687559717912 :       9232
   32687562389600 :       6152
   32687565061288 :       6056
   32687567733008 :       6200
   32687570404688 :       6216
   32687573076440 :       6376
   32687575748160 :       6824
   32687578419872 :      12432
   32687581091648 :       6376
   32687583763288 :      18512
   32687586435000 :       8376
   32687589106736 :       6304
   32687591778392 :       6056
   32687594450072 :       5904
   32687597121784 :       5896
   32687599793576 :       6280
   32687602465248 :       6160
   32687605136968 :       6080
   32687607808664 :       6024
   32687610480400 :      14824
   32687613152032 :       8456
   32687615823784 :       6320
   32687618495592 :       6008
   32687621167152 :       6544
   32687623838872 :       6328
   32687626510624 :       6248
   32687629182336 :       6544
   32687631854048 :       6104
   32687634525744 :       6888
   32687637197440 :      23808
   32687637931432 :      14744
   32687639882840 :       6336
   32687642540864 :       5384
   32687645212552 :       4952
   32687647884216 :       5552
   32687650556040 :       4936
   32687653227728 :       4736
   32687655899440 :       5896
   32687658571160 :       4496
   32687661242832 :       4744
   32687663914552 :      15632
   32687666586216 :       7528
   32687666619896 :      14576
   32687669271704 :       6584
   32687671929648 :       8344
   32687674601376 :      11336
   32687677273144 :       8952
   32687679944824 :       7048
   32687682616552 :       7512
   32687685288288 :       6312
   32687687959888 :       6848
   32687690631672 :      21960
   32687693303400 :       7864
   32687695975072 :       6008
   32687698646736 :       6152
   32687701318512 :       5808
   32687703990128 :       6464
   32687706661912 :       6176
   32687709333616 :       5960
   32687712005328 :       6336
   32687714677112 :       6296
   32687717348760 :      14064
   32687720020560 :       7088
   32687722692160 :       6168
   32687725363880 :       6088
   32687728035504 :       5984
   32687730707288 :       6088
   32687733378960 :       6392
   32687736050720 :       5984
   32687738722376 :       6280
   32687741394088 :       6368
   32687744065816 :      15080
   32687746737648 :       7304
   32687749409216 :       5936
   32687752080960 :       5944
   32687754752744 :       6144
   32687757424312 :       6304
   32687760096048 :       6016
   32687762767872 :       6000
   32687765439592 :       5864
   32687768111256 :       6176
   32687770782944 :      13872
   32687773454656 :       6864
   32687776126328 :       6216
   32687778798080 :       5904
   32687781469784 :       6040
   32687784141528 :       6040
   32687786813296 :       6656
   32687789484872 :       6656
   32687792156640 :       8744
   32687794828368 :      11944
   32687797500112 :      21288
   32687800171696 :       9480
   32687802843400 :       6280
   32687805515128 :       7040
   32687808186888 :       6704
   32687810858584 :       6312
   32687813530384 :       6864
   32687816202056 :       5880
   32687818873776 :       6312
   32687821545456 :       6304
   32687824217184 :      15880
   32687826888880 :       8184
   32687829560536 :       6976
   32687832232232 :       6136
   32687834903992 :      10296
   32687837575768 :       6856
   32687840247400 :       7160
   32687842919184 :       6056
   32687845590912 :       6056
   32687848262520 :       6336
   32687850934208 :      14912
   32687853605952 :       6920
   32687856277640 :       9664
   32687858949416 :       6120
   32687861621072 :       6016
   32687864292808 :       5968
   32687866964488 :       5952
   32687869636152 :       6152
   32687872307928 :       6472
   32687874979576 :       6320
   32687877651344 :      15240
   32687878368832 :      14688
   32687880336800 :       6408
   32687882994696 :       4688
   32687885666488 :       4688
   32687888338200 :       4624
   32687891009832 :       4992
   32687893681528 :       4536
   32687896353312 :       4480
   32687899025008 :       4832
   32687901696656 :       4744
   32687904368456 :      14984
   32687904488352 :      14568
   32687907053784 :       7848
   32687909711872 :       6624
   32687912383592 :       6808
   32687915055248 :       6448
   32687917727008 :       6352
   32687920398648 :       7520
   32687923070336 :       6296
   32687925742160 :       6560
   32687928413896 :       6352
   32687931085624 :      20128
   32687931815328 :      15056
   32687933770896 :      11664
   32687936428888 :       4976
   32687939100712 :       4576
   32687941772376 :       5672
   32687944444008 :       6176
   32687947115728 :       6808
   32687949787488 :       9552
   32687952459120 :       6648
   32687955130840 :       5448
   32687957802640 :      19792
   32687957847616 :      14560
   32687960488024 :       9648
   32687963146088 :       6168
   32687965817864 :       6008
   32687968489400 :       5872
   32687971161168 :       6160
   32687973832904 :       6192
   32687976504656 :       6088
   32687979176288 :       6112
   32687981848040 :       7616
   32687984519760 :      21808
   32687987191440 :      12792
   32687989863160 :       7552
   32687992534800 :       6760
   32687995206648 :       6048
   32687997878304 :       6960
   32688000549984 :       6152
   32688003221760 :       5856
   32688005893440 :       6200
   32688008565072 :       6712
   32688011236848 :      19032
   32688013908552 :       7456
   32688016580184 :       5984
   32688019251880 :       5744
   32688021923720 :       6032
   32688024595368 :       6320
   32688027267040 :       5920
   32688029938848 :       5896
   32688032610456 :       6128
   32688035282200 :       5856
   32688037953856 :      14512
   32688040625632 :       7512
   32688043297408 :       6016
   32688045969136 :       6304
   32688048640792 :       6344
   32688051312488 :       6128
   32688053984176 :       6968
   32688056655880 :       6896
   32688059327616 :       7344
   32688061999320 :       7280
   32688064671040 :      18208
   32688067342760 :       9136
   32688070014448 :       7096
   32688072686176 :       6080
   32688075357880 :       6800
   32688078029576 :       6088
   32688080701296 :       5944
   32688083372952 :       5952
   32688086044720 :       6088
   32688088716432 :       6152
   32688091388208 :      14056
   32688094059808 :       7528
   32688096731536 :       6040
   32688099403296 :       5968
   32688102074976 :       6008
   32688104746704 :       6032
   32688107418408 :       6368
   32688110090088 :       6104
   32688112761768 :       6056
   32688115433552 :       6392
   32688118105208 :      18280
   32688120776984 :       8480
   32688123448648 :       6160
   32688126120424 :       6152
   32688128792064 :       6112
   32688131463800 :       6120
   32688134135456 :       6264
   32688136807168 :       5976
   32688139478864 :       5928
   32688142150672 :       6024
   32688144822256 :      13760
   32688147494016 :       7136
   32688150165776 :       6032
   32688152837528 :       5848
   32688155509184 :       6256
   32688158180912 :       6136
   32688160852608 :       6056
   32688163524288 :       5920
   32688166196008 :       6168
   32688168867616 :       6232
   32688171539392 :      13640
   32688173031416 :      15888
   32688174211136 :       8072
   32688176882808 :       5960
   32688179554576 :       6080
   32688182226280 :       6232
   32688184897944 :       6408
   32688187569696 :       6664
   32688190241408 :       8104
   32688192913120 :      12056
   32688195584792 :       8216
   32688198256544 :      20880
   32688200928152 :       8992
   32688203599944 :       7824
   32688206271688 :       6160
   32688208943352 :       6752
   32688211615040 :       6904
   32688214286808 :       6344
   32688216958448 :       6488
   32688219630216 :       6872
   32688222301864 :       6336
   32688224973648 :      24672
   32688225733920 :      14936
   32688227659008 :       8896
   32688230317088 :       5704
   32688232988632 :       4560
   32688235660456 :       4512
   32688238332096 :       5776
   32688241003792 :       6336
   32688243675512 :       7536
   32688246347264 :       5888
